#
# There is insufficient memory for the Java Runtime Environment to continue.
# Native memory allocation (malloc) failed to allocate 1149216 bytes for Chunk::new
# Possible reasons:
#   The system is out of physical RAM or swap space
#   In 32 bit mode, the process size limit was hit
# Possible solutions:
#   Reduce memory load on the system
#   Increase physical memory or swap space
#   Check if swap backing store is full
#   Use 64 bit Java on a 64 bit OS
#   Decrease Java heap size (-Xmx/-Xms)
#   Decrease number of Java threads
#   Decrease Java thread stack sizes (-Xss)
#   Set larger code cache with -XX:ReservedCodeCacheSize=
# This output file may be truncated or incomplete.
#
#  Out of Memory Error (allocation.cpp:390), pid=7984, tid=7664
#
# JRE version: Java(TM) SE Runtime Environment (8.0_77-b03) (build 1.8.0_77-b03)
# Java VM: Java HotSpot(TM) 64-Bit Server VM (25.77-b03 mixed mode windows-amd64 compressed oops)
# Failed to write core dump. Minidumps are not enabled by default on client versions of Windows
#

---------------  T H R E A D  ---------------

Current thread (0x0000000014e82800):  JavaThread "C2 CompilerThread1" daemon [_thread_in_native, id=7664, stack(0x0000000016500000,0x0000000016600000)]

Stack: [0x0000000016500000,0x0000000016600000]
[error occurred during error reporting (printing stack bounds), id 0xc0000005]

Native frames: (J=compiled Java code, j=interpreted, Vv=VM code, C=native code)


Current CompileTask:
C2:   5884 1698   !   4       com.android.dx.cf.code.RopperMachine::run (1550 bytes)


---------------  P R O C E S S  ---------------

Java Threads: ( => current thread )
  0x0000000016966800 JavaThread "pool-1-thread-4" [_thread_in_Java, id=7440, stack(0x0000000017100000,0x0000000017200000)]
  0x0000000016966000 JavaThread "pool-1-thread-3" [_thread_in_Java, id=6476, stack(0x0000000017000000,0x0000000017100000)]
  0x0000000016961800 JavaThread "pool-1-thread-2" [_thread_in_Java, id=7320, stack(0x0000000016f00000,0x0000000017000000)]
  0x000000001695c800 JavaThread "pool-2-thread-1" [_thread_blocked, id=4760, stack(0x0000000016e00000,0x0000000016f00000)]
  0x00000000169a0000 JavaThread "pool-1-thread-1" [_thread_in_Java, id=6368, stack(0x0000000016d00000,0x0000000016e00000)]
  0x0000000016705800 JavaThread "Service Thread" daemon [_thread_blocked, id=3888, stack(0x0000000016b00000,0x0000000016c00000)]
  0x0000000014edb000 JavaThread "C1 CompilerThread2" daemon [_thread_blocked, id=7600, stack(0x0000000016600000,0x0000000016700000)]
=>0x0000000014e82800 JavaThread "C2 CompilerThread1" daemon [_thread_in_native, id=7664, stack(0x0000000016500000,0x0000000016600000)]
  0x0000000014e7e800 JavaThread "C2 CompilerThread0" daemon [_thread_in_native, id=7480, stack(0x0000000016400000,0x0000000016500000)]
  0x0000000014e7d800 JavaThread "Attach Listener" daemon [_thread_blocked, id=6416, stack(0x0000000016300000,0x0000000016400000)]
  0x0000000014e7c000 JavaThread "Signal Dispatcher" daemon [_thread_blocked, id=1232, stack(0x0000000016200000,0x0000000016300000)]
  0x0000000014e6a800 JavaThread "Finalizer" daemon [_thread_blocked, id=2920, stack(0x0000000016100000,0x0000000016200000)]
  0x000000000279f000 JavaThread "Reference Handler" daemon [_thread_blocked, id=7996, stack(0x0000000016000000,0x0000000016100000)]
  0x00000000026b0800 JavaThread "main" [_thread_in_Java, id=8016, stack(0x0000000002380000,0x0000000002480000)]

Other Threads:
  0x0000000014e47800 VMThread [stack: 0x0000000015f00000,0x0000000016000000] [id=6624]
  0x000000001671b800 WatcherThread [stack: 0x0000000016c00000,0x0000000016d00000] [id=7448]

VM state:not at safepoint (normal execution)

VM Mutex/Monitor currently owned by a thread: None

Heap:
 PSYoungGen      total 38400K, used 28376K [0x00000000eab00000, 0x00000000ef600000, 0x0000000100000000)
  eden space 33280K, 69% used [0x00000000eab00000,0x00000000ec1bb6b8,0x00000000ecb80000)
  from space 5120K, 99% used [0x00000000ecb80000,0x00000000ed07ab40,0x00000000ed080000)
  to   space 5120K, 0% used [0x00000000ef100000,0x00000000ef100000,0x00000000ef600000)
 ParOldGen       total 87552K, used 9671K [0x00000000c0000000, 0x00000000c5580000, 0x00000000eab00000)
  object space 87552K, 11% used [0x00000000c0000000,0x00000000c0971ef8,0x00000000c5580000)
 Metaspace       used 6264K, capacity 7090K, committed 7296K, reserved 1056768K
  class space    used 605K, capacity 618K, committed 640K, reserved 1048576K

Card table byte_map: [0x0000000011b70000,0x0000000011d80000] byte_map_base: 0x0000000011570000

Marking Bits: (ParMarkBitMap*) 0x0000000058730600
 Begin Bits: [0x00000000122e0000, 0x00000000132e0000)
 End Bits:   [0x00000000132e0000, 0x00000000142e0000)

Polling page: 0x0000000000bf0000

CodeCache: size=245760Kb used=6797Kb max_used=6797Kb free=238962Kb
 bounds [0x00000000027b0000, 0x0000000002e60000, 0x00000000117b0000]
 total_blobs=1920 nmethods=1651 adapters=182
 compilation: enabled

Compilation events (10 events):
Event: 5.838 Thread 0x0000000014edb000 1707   !   2       com.android.dx.cf.cst.ConstantPoolParser::determineOffsets (285 bytes)
Event: 5.840 Thread 0x0000000014edb000 nmethod 1707 0x0000000002e53c10 code [0x0000000002e53ee0, 0x0000000002e54b18]
Event: 5.840 Thread 0x0000000014edb000 1708       2       com.android.dx.cf.cst.ConstantPoolParser::parse (365 bytes)
Event: 5.842 Thread 0x0000000014edb000 nmethod 1708 0x0000000002e559d0 code [0x0000000002e55da0, 0x0000000002e57168]
Event: 5.862 Thread 0x0000000014edb000 1710       2       java.util.TreeMap::entrySet (27 bytes)
Event: 5.862 Thread 0x0000000014edb000 nmethod 1710 0x0000000002e50910 code [0x0000000002e50a60, 0x0000000002e50c30]
Event: 5.862 Thread 0x0000000014edb000 1711       2       java.util.TreeMap$EntrySet::iterator (19 bytes)
Event: 5.862 Thread 0x0000000014edb000 nmethod 1711 0x0000000002e4e550 code [0x0000000002e4e6c0, 0x0000000002e4e930]
Event: 5.875 Thread 0x0000000014edb000 1712       2       com.android.dx.dex.file.AnnotationUtils::makeSignature (251 bytes)
Event: 5.878 Thread 0x0000000014edb000 nmethod 1712 0x0000000002e587d0 code [0x0000000002e58ae0, 0x0000000002e59bc8]

GC Heap History (6 events):
Event: 3.763 GC heap before
{Heap before GC invocations=1 (full 0):
 PSYoungGen      total 38400K, used 33280K [0x00000000eab00000, 0x00000000ed580000, 0x0000000100000000)
  eden space 33280K, 100% used [0x00000000eab00000,0x00000000ecb80000,0x00000000ecb80000)
  from space 5120K, 0% used [0x00000000ed080000,0x00000000ed080000,0x00000000ed580000)
  to   space 5120K, 0% used [0x00000000ecb80000,0x00000000ecb80000,0x00000000ed080000)
 ParOldGen       total 87552K, used 0K [0x00000000c0000000, 0x00000000c5580000, 0x00000000eab00000)
  object space 87552K, 0% used [0x00000000c0000000,0x00000000c0000000,0x00000000c5580000)
 Metaspace       used 5926K, capacity 6832K, committed 7040K, reserved 1056768K
  class space    used 602K, capacity 616K, committed 640K, reserved 1048576K
Event: 3.772 GC heap after
Heap after GC invocations=1 (full 0):
 PSYoungGen      total 38400K, used 5112K [0x00000000eab00000, 0x00000000ed580000, 0x0000000100000000)
  eden space 33280K, 0% used [0x00000000eab00000,0x00000000eab00000,0x00000000ecb80000)
  from space 5120K, 99% used [0x00000000ecb80000,0x00000000ed07e0b8,0x00000000ed080000)
  to   space 5120K, 0% used [0x00000000ed080000,0x00000000ed080000,0x00000000ed580000)
 ParOldGen       total 87552K, used 418K [0x00000000c0000000, 0x00000000c5580000, 0x00000000eab00000)
  object space 87552K, 0% used [0x00000000c0000000,0x00000000c0068b10,0x00000000c5580000)
 Metaspace       used 5926K, capacity 6832K, committed 7040K, reserved 1056768K
  class space    used 602K, capacity 616K, committed 640K, reserved 1048576K
}
Event: 4.258 GC heap before
{Heap before GC invocations=2 (full 0):
 PSYoungGen      total 38400K, used 38392K [0x00000000eab00000, 0x00000000ed580000, 0x0000000100000000)
  eden space 33280K, 100% used [0x00000000eab00000,0x00000000ecb80000,0x00000000ecb80000)
  from space 5120K, 99% used [0x00000000ecb80000,0x00000000ed07e0b8,0x00000000ed080000)
  to   space 5120K, 0% used [0x00000000ed080000,0x00000000ed080000,0x00000000ed580000)
 ParOldGen       total 87552K, used 418K [0x00000000c0000000, 0x00000000c5580000, 0x00000000eab00000)
  object space 87552K, 0% used [0x00000000c0000000,0x00000000c0068b10,0x00000000c5580000)
 Metaspace       used 6152K, capacity 7026K, committed 7296K, reserved 1056768K
  class space    used 604K, capacity 618K, committed 640K, reserved 1048576K
Event: 4.328 GC heap after
Heap after GC invocations=2 (full 0):
 PSYoungGen      total 38400K, used 5100K [0x00000000eab00000, 0x00000000ef600000, 0x0000000100000000)
  eden space 33280K, 0% used [0x00000000eab00000,0x00000000eab00000,0x00000000ecb80000)
  from space 5120K, 99% used [0x00000000ed080000,0x00000000ed57b200,0x00000000ed580000)
  to   space 5120K, 0% used [0x00000000ecb80000,0x00000000ecb80000,0x00000000ed080000)
 ParOldGen       total 87552K, used 5002K [0x00000000c0000000, 0x00000000c5580000, 0x00000000eab00000)
  object space 87552K, 5% used [0x00000000c0000000,0x00000000c04e2938,0x00000000c5580000)
 Metaspace       used 6152K, capacity 7026K, committed 7296K, reserved 1056768K
  class space    used 604K, capacity 618K, committed 640K, reserved 1048576K
}
Event: 5.517 GC heap before
{Heap before GC invocations=3 (full 0):
 PSYoungGen      total 38400K, used 38380K [0x00000000eab00000, 0x00000000ef600000, 0x0000000100000000)
  eden space 33280K, 100% used [0x00000000eab00000,0x00000000ecb80000,0x00000000ecb80000)
  from space 5120K, 99% used [0x00000000ed080000,0x00000000ed57b200,0x00000000ed580000)
  to   space 5120K, 0% used [0x00000000ecb80000,0x00000000ecb80000,0x00000000ed080000)
 ParOldGen       total 87552K, used 5002K [0x00000000c0000000, 0x00000000c5580000, 0x00000000eab00000)
  object space 87552K, 5% used [0x00000000c0000000,0x00000000c04e2938,0x00000000c5580000)
 Metaspace       used 6201K, capacity 7090K, committed 7296K, reserved 1056768K
  class space    used 604K, capacity 618K, committed 640K, reserved 1048576K
Event: 5.542 GC heap after
Heap after GC invocations=3 (full 0):
 PSYoungGen      total 38400K, used 5098K [0x00000000eab00000, 0x00000000ef600000, 0x0000000100000000)
  eden space 33280K, 0% used [0x00000000eab00000,0x00000000eab00000,0x00000000ecb80000)
  from space 5120K, 99% used [0x00000000ecb80000,0x00000000ed07ab40,0x00000000ed080000)
  to   space 5120K, 0% used [0x00000000ef100000,0x00000000ef100000,0x00000000ef600000)
 ParOldGen       total 87552K, used 9671K [0x00000000c0000000, 0x00000000c5580000, 0x00000000eab00000)
  object space 87552K, 11% used [0x00000000c0000000,0x00000000c0971ef8,0x00000000c5580000)
 Metaspace       used 6201K, capacity 7090K, committed 7296K, reserved 1056768K
  class space    used 604K, capacity 618K, committed 640K, reserved 1048576K
}

Deoptimization events (10 events):
Event: 5.504 Thread 0x0000000016966800 Uncommon trap: reason=unstable_if action=reinterpret pc=0x0000000002dcc3c8 method=com.android.dx.rop.code.RegisterSpecSet.put(Lcom/android/dx/rop/code/RegisterSpec;)V @ 77
Event: 5.672 Thread 0x0000000016966000 Uncommon trap: reason=bimorphic action=maybe_recompile pc=0x0000000002a5dee8 method=java.util.HashMap.getNode(ILjava/lang/Object;)Ljava/util/HashMap$Node; @ 126
Event: 5.672 Thread 0x0000000016966000 Uncommon trap: reason=class_check action=maybe_recompile pc=0x0000000002c46204 method=java.util.HashMap.putVal(ILjava/lang/Object;Ljava/lang/Object;ZZ)Ljava/lang/Object; @ 203
Event: 5.672 Thread 0x0000000016966000 Uncommon trap: reason=bimorphic action=maybe_recompile pc=0x0000000002a5dee8 method=java.util.HashMap.getNode(ILjava/lang/Object;)Ljava/util/HashMap$Node; @ 126
Event: 5.672 Thread 0x0000000016966000 Uncommon trap: reason=class_check action=maybe_recompile pc=0x0000000002c46204 method=java.util.HashMap.putVal(ILjava/lang/Object;Ljava/lang/Object;ZZ)Ljava/lang/Object; @ 203
Event: 5.672 Thread 0x0000000016966000 Uncommon trap: reason=bimorphic action=maybe_recompile pc=0x0000000002a5dee8 method=java.util.HashMap.getNode(ILjava/lang/Object;)Ljava/util/HashMap$Node; @ 126
Event: 5.672 Thread 0x0000000016966000 Uncommon trap: reason=bimorphic action=maybe_recompile pc=0x0000000002a5dee8 method=java.util.HashMap.getNode(ILjava/lang/Object;)Ljava/util/HashMap$Node; @ 126
Event: 5.672 Thread 0x0000000016966000 Uncommon trap: reason=class_check action=maybe_recompile pc=0x0000000002c46204 method=java.util.HashMap.putVal(ILjava/lang/Object;Ljava/lang/Object;ZZ)Ljava/lang/Object; @ 203
Event: 5.707 Thread 0x0000000016966000 Uncommon trap: reason=unstable_if action=reinterpret pc=0x0000000002d9c928 method=com.android.dx.ssa.SCCP.simulateBranch(Lcom/android/dx/ssa/SsaInsn;)V @ 64
Event: 5.708 Thread 0x0000000016966000 Uncommon trap: reason=unstable_if action=reinterpret pc=0x0000000002bb60dc method=com.android.dx.ssa.SsaMethod.updateOneDefinition(Lcom/android/dx/ssa/SsaInsn;Lcom/android/dx/rop/code/RegisterSpec;)V @ 4

Internal exceptions (3 events):
Event: 0.117 Thread 0x00000000026b0800 Exception <a 'java/lang/NoSuchMethodError': Method sun.misc.Unsafe.defineClass(Ljava/lang/String;[BII)Ljava/lang/Class; name or signature does not match> (0x00000000eab07cc0) thrown at [D:\re\workspace\8-2-build-windows-amd64-cygwin\jdk8u77\6540\hotspot\srŠÅ{ÆÀ?
Event: 0.125 Thread 0x00000000026b0800 Exception <a 'java/lang/NoSuchMethodError': Method sun.misc.Unsafe.prefetchRead(Ljava/lang/Object;J)V name or signature does not match> (0x00000000eab07fa8) thrown at [D:\re\workspace\8-2-build-windows-amd64-cygwin\jdk8u77\6540\hotspot\src\share\vm\prims\jŒŸŠ~ùÆ@
Event: 3.597 Thread 0x00000000026b0800 Implicit null exception at 0x0000000002ab3622 to 0x0000000002ab3729

Events (10 events):
Event: 5.707 Thread 0x0000000016966000 Uncommon trap: trap_request=0xffffff65 fr.pc=0x0000000002d9c928
Event: 5.707 Thread 0x0000000016966000 DEOPT PACKING pc=0x0000000002d9c928 sp=0x00000000170fece0
Event: 5.707 Thread 0x0000000016966000 DEOPT UNPACKING pc=0x00000000027f582a sp=0x00000000170fecc0 mode 2
Event: 5.707 loading class com/android/dx/rop/code/RegOps
Event: 5.707 loading class com/android/dx/rop/code/RegOps done
Event: 5.708 Thread 0x0000000016966000 Uncommon trap: trap_request=0xffffff65 fr.pc=0x0000000002bb60dc
Event: 5.708 Thread 0x0000000016966000 DEOPT PACKING pc=0x0000000002bb60dc sp=0x00000000170fecb0
Event: 5.708 Thread 0x0000000016966000 DEOPT UNPACKING pc=0x00000000027f582a sp=0x00000000170fec58 mode 2
Event: 5.754 Thread 0x0000000016966800 DEOPT PACKING pc=0x0000000002db62b8 sp=0x00000000171fe850
Event: 5.754 Thread 0x0000000016966800 DEOPT UNPACKING pc=0x00000000027f787f sp=0x00000000171fe628 mode 0


Dynamic libraries:
0x00007ff7057c0000 - 0x00007ff7057f7000 	C:\Program Files\Java\jdk1.8.0_77\bin\java.exe
0x00007fffeb940000 - 0x00007fffebb02000 	C:\Windows\SYSTEM32\ntdll.dll
0x00007fffe9890000 - 0x00007fffe993d000 	C:\Windows\system32\KERNEL32.DLL
0x00007fffe8e30000 - 0x00007fffe900d000 	C:\Windows\system32\KERNELBASE.dll
0x00007fffeb780000 - 0x00007fffeb826000 	C:\Windows\system32\ADVAPI32.dll
0x00007fffe9710000 - 0x00007fffe97ad000 	C:\Windows\system32\msvcrt.dll
0x00007fffea160000 - 0x00007fffea1bb000 	C:\Windows\system32\sechost.dll
0x00007fffe9ed0000 - 0x00007fffe9ff6000 	C:\Windows\system32\RPCRT4.dll
0x00007fffe99b0000 - 0x00007fffe9afe000 	C:\Windows\system32\USER32.dll
0x00007fffe91e0000 - 0x00007fffe9365000 	C:\Windows\system32\GDI32.dll
0x00007fffe5390000 - 0x00007fffe5604000 	C:\Windows\WinSxS\amd64_microsoft.windows.common-controls_6595b64144ccf1df_6.0.10240.16384_none_f41f7b285750ef43\COMCTL32.dll
0x00007fffeb900000 - 0x00007fffeb936000 	C:\Windows\system32\IMM32.DLL
0x00007fffea000000 - 0x00007fffea15c000 	C:\Windows\system32\MSCTF.dll
0x00000000587b0000 - 0x0000000058882000 	C:\Program Files\Java\jdk1.8.0_77\jre\bin\msvcr100.dll
0x0000000057f20000 - 0x00000000587b0000 	C:\Program Files\Java\jdk1.8.0_77\jre\bin\server\jvm.dll
0x00007fffe9d70000 - 0x00007fffe9d78000 	C:\Windows\system32\PSAPI.DLL
0x00007fffe5ca0000 - 0x00007fffe5ca9000 	C:\Windows\SYSTEM32\WSOCK32.dll
0x00007fffe9940000 - 0x00007fffe99a9000 	C:\Windows\system32\WS2_32.dll
0x00007fffeb770000 - 0x00007fffeb778000 	C:\Windows\system32\NSI.dll
0x00007fffe65f0000 - 0x00007fffe6613000 	C:\Windows\SYSTEM32\WINMM.dll
0x00007fffe5610000 - 0x00007fffe561a000 	C:\Windows\SYSTEM32\VERSION.dll
0x00007fffe64f0000 - 0x00007fffe651c000 	C:\Windows\SYSTEM32\WINMMBASE.dll
0x00007fffe8410000 - 0x00007fffe8454000 	C:\Windows\system32\cfgmgr32.dll
0x00007fffe6ce0000 - 0x00007fffe6d07000 	C:\Windows\SYSTEM32\DEVOBJ.dll
0x0000000059e00000 - 0x0000000059e0f000 	C:\Program Files\Java\jdk1.8.0_77\jre\bin\verify.dll
0x0000000057ef0000 - 0x0000000057f19000 	C:\Program Files\Java\jdk1.8.0_77\jre\bin\java.dll
0x0000000059de0000 - 0x0000000059df6000 	C:\Program Files\Java\jdk1.8.0_77\jre\bin\zip.dll
0x00007fffea1e0000 - 0x00007fffeb703000 	C:\Windows\system32\SHELL32.dll
0x00007fffe8460000 - 0x00007fffe8a89000 	C:\Windows\system32\windows.storage.dll
0x00007fffe9490000 - 0x00007fffe970c000 	C:\Windows\system32\combase.dll
0x00007fffeb710000 - 0x00007fffeb761000 	C:\Windows\system32\shlwapi.dll
0x00007fffe8370000 - 0x00007fffe837f000 	C:\Windows\system32\kernel.appcore.dll
0x00007fffe8a90000 - 0x00007fffe8b43000 	C:\Windows\system32\shcore.dll
0x00007fffe83c0000 - 0x00007fffe840a000 	C:\Windows\system32\powrprof.dll
0x00007fffe8380000 - 0x00007fffe8393000 	C:\Windows\system32\profapi.dll

VM Arguments:
jvm_args: -Xmx1024M -Dfile.encoding=windows-1251 -Duser.country=RU -Duser.language=ru -Duser.variant 
java_command: com.android.dx.command.Main --dex --num-threads=4 --output C:\Users\Admin\Desktop\How_much\How_much\app\build\intermediates\pre-dexed\debug\classes-cafb1effd56337fa399209d5901016277d690559.jar C:\Users\Admin\Desktop\How_much\How_much\app\build\intermediates\exploded-aar\com.android.support\support-v4\23.0.0\jars\classes.jar
java_class_path (initial): C:\Users\Admin\Desktop\kod\sdk\build-tools\23.0.3\lib\dx.jar
Launcher Type: SUN_STANDARD

Environment Variables:
JAVA_HOME=C:\Program Files\Java\jdk1.7.0_79
PATH=C:\ProgramData\Oracle\Java\javapath;C:\Windows\system32;C:\Windows;C:\Windows\System32\Wbem;C:\Windows\System32\WindowsPowerShell\v1.0\;C:\Program Files (x86)\Skype\Phone\;C:\Program Files (x86)\NVIDIA Corporation\PhysX\Common
USERNAME=Admin
OS=Windows_NT
PROCESSOR_IDENTIFIER=Intel64 Family 6 Model 61 Stepping 4, GenuineIntel



---------------  S Y S T E M  ---------------

OS: Windows 10.0 , 64 bit Build 10240 (10.0.10240.16384)

CPU:total 4 (2 cores per cpu, 2 threads per core) family 6 model 61 stepping 4, cmov, cx8, fxsr, mmx, sse, sse2, sse3, ssse3, sse4.1, sse4.2, popcnt, avx, avx2, aes, clmul, erms, 3dnowpref, lzcnt, ht, tsc, tscinvbit, bmi1, bmi2, adx

Memory: 4k page, physical 8297972k(2258056k free), swap 8297972k(5972k free)

vm_info: Java HotSpot(TM) 64-Bit Server VM (25.77-b03) for windows-amd64 JRE (1.8.0_77-b03), built on Mar 20 2016 22:01:33 by "java_re" with MS VC++ 10.0 (VS2010)

time: Wed Aug 10 20:24:14 2016
elapsed time: 5 seconds (0d 0h 0m 5s)

