#
# There is insufficient memory for the Java Runtime Environment to continue.
# Native memory allocation (malloc) failed to allocate 1324016 bytes for Chunk::new
# Possible reasons:
#   The system is out of physical RAM or swap space
#   In 32 bit mode, the process size limit was hit
# Possible solutions:
#   Reduce memory load on the system
#   Increase physical memory or swap space
#   Check if swap backing store is full
#   Use 64 bit Java on a 64 bit OS
#   Decrease Java heap size (-Xmx/-Xms)
#   Decrease number of Java threads
#   Decrease Java thread stack sizes (-Xss)
#   Set larger code cache with -XX:ReservedCodeCacheSize=
# This output file may be truncated or incomplete.
#
#  Out of Memory Error (allocation.cpp:390), pid=3592, tid=6624
#
# JRE version: Java(TM) SE Runtime Environment (8.0_77-b03) (build 1.8.0_77-b03)
# Java VM: Java HotSpot(TM) 64-Bit Server VM (25.77-b03 mixed mode windows-amd64 compressed oops)
# Failed to write core dump. Minidumps are not enabled by default on client versions of Windows
#

---------------  T H R E A D  ---------------

Current thread (0x0000000014940000):  JavaThread "C2 CompilerThread0" daemon [_thread_in_native, id=6624, stack(0x0000000015f90000,0x0000000016090000)]

Stack: [0x0000000015f90000,0x0000000016090000]
[error occurred during error reporting (printing stack bounds), id 0xc0000005]

Native frames: (J=compiled Java code, j=interpreted, Vv=VM code, C=native code)


Current CompileTask:
C2:   7218 1877   !   4       com.android.dx.cf.code.RopperMachine::run (1550 bytes)


---------------  P R O C E S S  ---------------

Java Threads: ( => current thread )
  0x000000001654e800 JavaThread "pool-1-thread-4" [_thread_in_Java, id=2808, stack(0x0000000017490000,0x0000000017590000)]
  0x00000000164e0000 JavaThread "pool-1-thread-3" [_thread_blocked, id=1372, stack(0x0000000017390000,0x0000000017490000)]
  0x00000000164de800 JavaThread "pool-1-thread-2" [_thread_blocked, id=6620, stack(0x0000000017290000,0x0000000017390000)]
  0x00000000164d9800 JavaThread "pool-2-thread-1" [_thread_blocked, id=6468, stack(0x0000000017190000,0x0000000017290000)]
  0x00000000164f8800 JavaThread "pool-1-thread-1" [_thread_blocked, id=4112, stack(0x0000000017090000,0x0000000017190000)]
  0x00000000162ac800 JavaThread "Service Thread" daemon [_thread_blocked, id=6080, stack(0x0000000016690000,0x0000000016790000)]
  0x000000001497a800 JavaThread "C1 CompilerThread2" daemon [_thread_blocked, id=6152, stack(0x0000000016190000,0x0000000016290000)]
  0x0000000014943000 JavaThread "C2 CompilerThread1" daemon [_thread_in_native, id=4320, stack(0x0000000016090000,0x0000000016190000)]
=>0x0000000014940000 JavaThread "C2 CompilerThread0" daemon [_thread_in_native, id=6624, stack(0x0000000015f90000,0x0000000016090000)]
  0x000000001493e800 JavaThread "Attach Listener" daemon [_thread_blocked, id=6688, stack(0x0000000015e90000,0x0000000015f90000)]
  0x000000001493b000 JavaThread "Signal Dispatcher" daemon [_thread_blocked, id=6996, stack(0x0000000015d90000,0x0000000015e90000)]
  0x000000001492a000 JavaThread "Finalizer" daemon [_thread_blocked, id=6692, stack(0x0000000015ba0000,0x0000000015ca0000)]
  0x000000000225f000 JavaThread "Reference Handler" daemon [_thread_blocked, id=7060, stack(0x0000000015aa0000,0x0000000015ba0000)]
  0x0000000002170800 JavaThread "main" [_thread_blocked, id=7128, stack(0x0000000001fa0000,0x00000000020a0000)]

Other Threads:
  0x0000000014908000 VMThread [stack: 0x00000000159a0000,0x0000000015aa0000] [id=6964]
  0x00000000162b2000 WatcherThread [stack: 0x0000000016790000,0x0000000016890000] [id=5392]

VM state:not at safepoint (normal execution)

VM Mutex/Monitor currently owned by a thread: None

Heap:
 PSYoungGen      total 150528K, used 34150K [0x00000000eab00000, 0x00000000fe600000, 0x0000000100000000)
  eden space 131072K, 11% used [0x00000000eab00000,0x00000000eb95c9a0,0x00000000f2b00000)
  from space 19456K, 99% used [0x00000000f2b00000,0x00000000f3dfcee8,0x00000000f3e00000)
  to   space 30208K, 0% used [0x00000000fc880000,0x00000000fc880000,0x00000000fe600000)
 ParOldGen       total 87552K, used 41054K [0x00000000c0000000, 0x00000000c5580000, 0x00000000eab00000)
  object space 87552K, 46% used [0x00000000c0000000,0x00000000c2817b78,0x00000000c5580000)
 Metaspace       used 6546K, capacity 7256K, committed 7424K, reserved 1056768K
  class space    used 624K, capacity 656K, committed 768K, reserved 1048576K

Card table byte_map: [0x0000000011630000,0x0000000011840000] byte_map_base: 0x0000000011030000

Marking Bits: (ParMarkBitMap*) 0x000000005bce0600
 Begin Bits: [0x0000000011da0000, 0x0000000012da0000)
 End Bits:   [0x0000000012da0000, 0x0000000013da0000)

Polling page: 0x0000000000810000

CodeCache: size=245760Kb used=9236Kb max_used=9236Kb free=236523Kb
 bounds [0x0000000002270000, 0x0000000002b80000, 0x0000000011270000]
 total_blobs=2329 nmethods=2059 adapters=182
 compilation: enabled

Compilation events (10 events):
Event: 7.175 Thread 0x000000001497a800 2116       2       com.android.dx.rop.code.Rops::opSub (29 bytes)
Event: 7.175 Thread 0x000000001497a800 nmethod 2116 0x0000000002b702d0 code [0x0000000002b70440, 0x0000000002b705e8]
Event: 7.178 Thread 0x000000001497a800 2117       2       com.android.dx.rop.code.SwitchInsn::accept (8 bytes)
Event: 7.179 Thread 0x000000001497a800 nmethod 2117 0x0000000002b6ff50 code [0x0000000002b700c0, 0x0000000002b70248]
Event: 7.185 Thread 0x000000001497a800 2118       2       com.android.dx.rop.cst.StdConstantPool::<init> (38 bytes)
Event: 7.185 Thread 0x000000001497a800 nmethod 2118 0x0000000002b6fa50 code [0x0000000002b6fbc0, 0x0000000002b6fe68]
Event: 7.188 Thread 0x000000001497a800 2119 %     3       java.util.HashMap::getNode @ 98 (148 bytes)
Event: 7.189 Thread 0x000000001497a800 nmethod 2119% 0x0000000002b7b090 code [0x0000000002b7b280, 0x0000000002b7bfa8]
Event: 7.190 Thread 0x000000001497a800 2120       3       java.util.HashMap::getNode (148 bytes)
Event: 7.191 Thread 0x000000001497a800 nmethod 2120 0x0000000002b7c450 code [0x0000000002b7c640, 0x0000000002b7d2a8]

GC Heap History (10 events):
Event: 4.735 GC heap before
{Heap before GC invocations=3 (full 0):
 PSYoungGen      total 38400K, used 38398K [0x00000000eab00000, 0x00000000ef600000, 0x0000000100000000)
  eden space 33280K, 100% used [0x00000000eab00000,0x00000000ecb80000,0x00000000ecb80000)
  from space 5120K, 99% used [0x00000000ed080000,0x00000000ed57fa20,0x00000000ed580000)
  to   space 5120K, 0% used [0x00000000ecb80000,0x00000000ecb80000,0x00000000ed080000)
 ParOldGen       total 87552K, used 3205K [0x00000000c0000000, 0x00000000c5580000, 0x00000000eab00000)
  object space 87552K, 3% used [0x00000000c0000000,0x00000000c03214e8,0x00000000c5580000)
 Metaspace       used 6237K, capacity 7090K, committed 7296K, reserved 1056768K
  class space    used 604K, capacity 618K, committed 640K, reserved 1048576K
Event: 4.773 GC heap after
Heap after GC invocations=3 (full 0):
 PSYoungGen      total 38400K, used 5089K [0x00000000eab00000, 0x00000000ef600000, 0x0000000100000000)
  eden space 33280K, 0% used [0x00000000eab00000,0x00000000eab00000,0x00000000ecb80000)
  from space 5120K, 99% used [0x00000000ecb80000,0x00000000ed0785b0,0x00000000ed080000)
  to   space 5120K, 0% used [0x00000000ef100000,0x00000000ef100000,0x00000000ef600000)
 ParOldGen       total 87552K, used 8994K [0x00000000c0000000, 0x00000000c5580000, 0x00000000eab00000)
  object space 87552K, 10% used [0x00000000c0000000,0x00000000c08c8928,0x00000000c5580000)
 Metaspace       used 6237K, capacity 7090K, committed 7296K, reserved 1056768K
  class space    used 604K, capacity 618K, committed 640K, reserved 1048576K
}
Event: 5.128 GC heap before
{Heap before GC invocations=4 (full 0):
 PSYoungGen      total 38400K, used 38369K [0x00000000eab00000, 0x00000000ef600000, 0x0000000100000000)
  eden space 33280K, 100% used [0x00000000eab00000,0x00000000ecb80000,0x00000000ecb80000)
  from space 5120K, 99% used [0x00000000ecb80000,0x00000000ed0785b0,0x00000000ed080000)
  to   space 5120K, 0% used [0x00000000ef100000,0x00000000ef100000,0x00000000ef600000)
 ParOldGen       total 87552K, used 8994K [0x00000000c0000000, 0x00000000c5580000, 0x00000000eab00000)
  object space 87552K, 10% used [0x00000000c0000000,0x00000000c08c8928,0x00000000c5580000)
 Metaspace       used 6279K, capacity 7090K, committed 7296K, reserved 1056768K
  class space    used 604K, capacity 618K, committed 640K, reserved 1048576K
Event: 5.168 GC heap after
Heap after GC invocations=4 (full 0):
 PSYoungGen      total 71680K, used 5089K [0x00000000eab00000, 0x00000000ef600000, 0x0000000100000000)
  eden space 66560K, 0% used [0x00000000eab00000,0x00000000eab00000,0x00000000eec00000)
  from space 5120K, 99% used [0x00000000ef100000,0x00000000ef5f85b0,0x00000000ef600000)
  to   space 5120K, 0% used [0x00000000eec00000,0x00000000eec00000,0x00000000ef100000)
 ParOldGen       total 87552K, used 14461K [0x00000000c0000000, 0x00000000c5580000, 0x00000000eab00000)
  object space 87552K, 16% used [0x00000000c0000000,0x00000000c0e1f5e0,0x00000000c5580000)
 Metaspace       used 6279K, capacity 7090K, committed 7296K, reserved 1056768K
  class space    used 604K, capacity 618K, committed 640K, reserved 1048576K
}
Event: 5.863 GC heap before
{Heap before GC invocations=5 (full 0):
 PSYoungGen      total 71680K, used 71649K [0x00000000eab00000, 0x00000000ef600000, 0x0000000100000000)
  eden space 66560K, 100% used [0x00000000eab00000,0x00000000eec00000,0x00000000eec00000)
  from space 5120K, 99% used [0x00000000ef100000,0x00000000ef5f85b0,0x00000000ef600000)
  to   space 5120K, 0% used [0x00000000eec00000,0x00000000eec00000,0x00000000ef100000)
 ParOldGen       total 87552K, used 14461K [0x00000000c0000000, 0x00000000c5580000, 0x00000000eab00000)
  object space 87552K, 16% used [0x00000000c0000000,0x00000000c0e1f5e0,0x00000000c5580000)
 Metaspace       used 6376K, capacity 7154K, committed 7296K, reserved 1056768K
  class space    used 604K, capacity 618K, committed 640K, reserved 1048576K
Event: 5.894 GC heap after
Heap after GC invocations=5 (full 0):
 PSYoungGen      total 71680K, used 5105K [0x00000000eab00000, 0x00000000f4f00000, 0x0000000100000000)
  eden space 66560K, 0% used [0x00000000eab00000,0x00000000eab00000,0x00000000eec00000)
  from space 5120K, 99% used [0x00000000eec00000,0x00000000ef0fc790,0x00000000ef100000)
  to   space 17408K, 0% used [0x00000000f3e00000,0x00000000f3e00000,0x00000000f4f00000)
 ParOldGen       total 87552K, used 24811K [0x00000000c0000000, 0x00000000c5580000, 0x00000000eab00000)
  object space 87552K, 28% used [0x00000000c0000000,0x00000000c183aff0,0x00000000c5580000)
 Metaspace       used 6376K, capacity 7154K, committed 7296K, reserved 1056768K
  class space    used 604K, capacity 618K, committed 640K, reserved 1048576K
}
Event: 6.281 GC heap before
{Heap before GC invocations=6 (full 0):
 PSYoungGen      total 71680K, used 71665K [0x00000000eab00000, 0x00000000f4f00000, 0x0000000100000000)
  eden space 66560K, 100% used [0x00000000eab00000,0x00000000eec00000,0x00000000eec00000)
  from space 5120K, 99% used [0x00000000eec00000,0x00000000ef0fc790,0x00000000ef100000)
  to   space 17408K, 0% used [0x00000000f3e00000,0x00000000f3e00000,0x00000000f4f00000)
 ParOldGen       total 87552K, used 25460K [0x00000000c0000000, 0x00000000c5580000, 0x00000000eab00000)
  object space 87552K, 29% used [0x00000000c0000000,0x00000000c18dd308,0x00000000c5580000)
 Metaspace       used 6400K, capacity 7154K, committed 7296K, reserved 1056768K
  class space    used 604K, capacity 618K, committed 640K, reserved 1048576K
Event: 6.308 GC heap after
Heap after GC invocations=6 (full 0):
 PSYoungGen      total 148480K, used 15774K [0x00000000eab00000, 0x00000000f5300000, 0x0000000100000000)
  eden space 131072K, 0% used [0x00000000eab00000,0x00000000eab00000,0x00000000f2b00000)
  from space 17408K, 90% used [0x00000000f3e00000,0x00000000f4d67aa8,0x00000000f4f00000)
  to   space 19456K, 0% used [0x00000000f2b00000,0x00000000f2b00000,0x00000000f3e00000)
 ParOldGen       total 87552K, used 25460K [0x00000000c0000000, 0x00000000c5580000, 0x00000000eab00000)
  object space 87552K, 29% used [0x00000000c0000000,0x00000000c18dd308,0x00000000c5580000)
 Metaspace       used 6400K, capacity 7154K, committed 7296K, reserved 1056768K
  class space    used 604K, capacity 618K, committed 640K, reserved 1048576K
}
Event: 7.053 GC heap before
{Heap before GC invocations=7 (full 0):
 PSYoungGen      total 148480K, used 146846K [0x00000000eab00000, 0x00000000f5300000, 0x0000000100000000)
  eden space 131072K, 100% used [0x00000000eab00000,0x00000000f2b00000,0x00000000f2b00000)
  from space 17408K, 90% used [0x00000000f3e00000,0x00000000f4d67aa8,0x00000000f4f00000)
  to   space 19456K, 0% used [0x00000000f2b00000,0x00000000f2b00000,0x00000000f3e00000)
 ParOldGen       total 87552K, used 25462K [0x00000000c0000000, 0x00000000c5580000, 0x00000000eab00000)
  object space 87552K, 29% used [0x00000000c0000000,0x00000000c18dda28,0x00000000c5580000)
 Metaspace       used 6534K, capacity 7256K, committed 7424K, reserved 1056768K
  class space    used 624K, capacity 656K, committed 768K, reserved 1048576K
Event: 7.134 GC heap after
Heap after GC invocations=7 (full 0):
 PSYoungGen      total 150528K, used 19443K [0x00000000eab00000, 0x00000000fe600000, 0x0000000100000000)
  eden space 131072K, 0% used [0x00000000eab00000,0x00000000eab00000,0x00000000f2b00000)
  from space 19456K, 99% used [0x00000000f2b00000,0x00000000f3dfcee8,0x00000000f3e00000)
  to   space 30208K, 0% used [0x00000000fc880000,0x00000000fc880000,0x00000000fe600000)
 ParOldGen       total 87552K, used 41054K [0x00000000c0000000, 0x00000000c5580000, 0x00000000eab00000)
  object space 87552K, 46% used [0x00000000c0000000,0x00000000c2817b78,0x00000000c5580000)
 Metaspace       used 6534K, capacity 7256K, committed 7424K, reserved 1056768K
  class space    used 624K, capacity 656K, committed 768K, reserved 1048576K
}

Deoptimization events (10 events):
Event: 6.077 Thread 0x000000001654e800 Uncommon trap: reason=unstable_if action=reinterpret pc=0x00000000027acb30 method=com.android.dx.rop.code.LocalItem.compareHandlesNulls(Lcom/android/dx/rop/cst/CstString;Lcom/android/dx/rop/cst/CstString;)I @ 14
Event: 6.434 Thread 0x00000000164f8800 Uncommon trap: reason=unstable_if action=reinterpret pc=0x0000000002666f38 method=java.util.HashMap.putVal(ILjava/lang/Object;Ljava/lang/Object;ZZ)Ljava/lang/Object; @ 162
Event: 6.441 Thread 0x00000000164f8800 Uncommon trap: reason=unstable_if action=reinterpret pc=0x000000000296fdc4 method=java.util.HashMap.getNode(ILjava/lang/Object;)Ljava/util/HashMap$Node; @ 84
Event: 6.450 Thread 0x00000000164f8800 Uncommon trap: reason=unstable_if action=reinterpret pc=0x000000000296f818 method=java.util.HashMap.getNode(ILjava/lang/Object;)Ljava/util/HashMap$Node; @ 84
Event: 6.498 Thread 0x00000000164f8800 Uncommon trap: reason=unstable_if action=reinterpret pc=0x0000000002a46294 method=com.android.dx.cf.code.Ropper.isSynchronized()Z @ 12
Event: 6.498 Thread 0x00000000164f8800 Uncommon trap: reason=unstable_if action=reinterpret pc=0x0000000002783ccc method=com.android.dx.ssa.MoveParamCombiner$1.visitNonMoveInsn(Lcom/android/dx/ssa/NormalSsaInsn;)V @ 27
Event: 6.558 Thread 0x000000001654e800 Uncommon trap: reason=bimorphic action=maybe_recompile pc=0x0000000002a73468 method=com.android.dx.ssa.LiteralOpUpgrader.tryReplacingWithConstant(Lcom/android/dx/ssa/NormalSsaInsn;)Z @ 62
Event: 6.562 Thread 0x000000001654e800 Uncommon trap: reason=bimorphic action=maybe_recompile pc=0x0000000002a73468 method=com.android.dx.ssa.LiteralOpUpgrader.tryReplacingWithConstant(Lcom/android/dx/ssa/NormalSsaInsn;)Z @ 62
Event: 6.685 Thread 0x00000000164de800 Uncommon trap: reason=unstable_if action=reinterpret pc=0x00000000026fc17c method=java.util.HashMap.putVal(ILjava/lang/Object;Ljava/lang/Object;ZZ)Ljava/lang/Object; @ 109
Event: 6.922 Thread 0x00000000164f8800 Uncommon trap: reason=unstable_if action=reinterpret pc=0x0000000002aa2d4c method=java.util.HashMap.putVal(ILjava/lang/Object;Ljava/lang/Object;ZZ)Ljava/lang/Object; @ 162

Internal exceptions (7 events):
Event: 0.071 Thread 0x0000000002170800 Exception <a 'java/lang/NoSuchMethodError': Method sun.misc.Unsafe.defineClass(Ljava/lang/String;[BII)Ljava/lang/Class; name or signature does not match> (0x00000000eab07cc0) thrown at [D:\re\workspace\8-2-build-windows-amd64-cygwin\jdk8u77\6540\hotspot\srŠ„ºÛ&-²?
Event: 0.071 Thread 0x0000000002170800 Exception <a 'java/lang/NoSuchMethodError': Method sun.misc.Unsafe.prefetchRead(Ljava/lang/Object;J)V name or signature does not match> (0x00000000eab07fa8) thrown at [D:\re\workspace\8-2-build-windows-amd64-cygwin\jdk8u77\6540\hotspot\src\share\vm\prims\j¢-°×ô@
Event: 3.637 Thread 0x00000000164f8800 Implicit null exception at 0x00000000025a1662 to 0x00000000025a1769
Event: 6.077 Thread 0x000000001654e800 Implicit null exception at 0x00000000027ab2a9 to 0x00000000027acb09
Event: 6.438 Thread 0x00000000164f8800 Exception <a 'java/lang/ArrayIndexOutOfBoundsException': 18> (0x00000000ebca4b00) thrown at [D:\re\workspace\8-2-build-windows-amd64-cygwin\jdk8u77\6540\hotspot\src\share\vm\interpreter\interpreterRuntime.cpp, line 366]
Event: 6.439 Thread 0x00000000164f8800 Exception <a 'java/lang/ArrayIndexOutOfBoundsException'> (0x00000000ebca6680) thrown at [D:\re\workspace\8-2-build-windows-amd64-cygwin\jdk8u77\6540\hotspot\src\share\vm\runtime\sharedRuntime.cpp, line 605]
Event: 6.440 Thread 0x00000000164f8800 Exception <a 'java/lang/ArrayIndexOutOfBoundsException'> (0x00000000ebca7968) thrown at [D:\re\workspace\8-2-build-windows-amd64-cygwin\jdk8u77\6540\hotspot\src\share\vm\runtime\sharedRuntime.cpp, line 605]

Events (10 events):
Event: 6.626 Thread 0x0000000002170800 DEOPT PACKING pc=0x00000000029a6e52 sp=0x000000000209e8f0
Event: 6.626 Thread 0x0000000002170800 DEOPT UNPACKING pc=0x00000000022b787f sp=0x000000000209e700 mode 0
Event: 6.685 Thread 0x00000000164de800 Uncommon trap: trap_request=0xffffff65 fr.pc=0x00000000026fc17c
Event: 6.685 Thread 0x00000000164de800 DEOPT PACKING pc=0x00000000026fc17c sp=0x000000001738e7c0
Event: 6.685 Thread 0x00000000164de800 DEOPT UNPACKING pc=0x00000000022b582a sp=0x000000001738e668 mode 2
Event: 6.922 Thread 0x00000000164f8800 Uncommon trap: trap_request=0xffffff65 fr.pc=0x0000000002aa2d4c
Event: 6.922 Thread 0x00000000164f8800 DEOPT PACKING pc=0x0000000002aa2d4c sp=0x000000001718e4a0
Event: 6.922 Thread 0x00000000164f8800 DEOPT UNPACKING pc=0x00000000022b582a sp=0x000000001718e428 mode 2
Event: 7.052 Executing VM operation: ParallelGCFailedAllocation
Event: 7.134 Executing VM operation: ParallelGCFailedAllocation done


Dynamic libraries:
0x00007ff765d70000 - 0x00007ff765da7000 	C:\Program Files\Java\jdk1.8.0_77\bin\java.exe
0x00007ffbcfa50000 - 0x00007ffbcfc12000 	C:\Windows\SYSTEM32\ntdll.dll
0x00007ffbcf840000 - 0x00007ffbcf8ed000 	C:\Windows\system32\KERNEL32.DLL
0x00007ffbccf40000 - 0x00007ffbcd11d000 	C:\Windows\system32\KERNELBASE.dll
0x00007ffbcf460000 - 0x00007ffbcf506000 	C:\Windows\system32\ADVAPI32.dll
0x00007ffbcf950000 - 0x00007ffbcf9ed000 	C:\Windows\system32\msvcrt.dll
0x00007ffbcf7e0000 - 0x00007ffbcf83b000 	C:\Windows\system32\sechost.dll
0x00007ffbcf330000 - 0x00007ffbcf456000 	C:\Windows\system32\RPCRT4.dll
0x00007ffbcecf0000 - 0x00007ffbcee3e000 	C:\Windows\system32\USER32.dll
0x00007ffbcd2c0000 - 0x00007ffbcd445000 	C:\Windows\system32\GDI32.dll
0x00007ffbc8ce0000 - 0x00007ffbc8f54000 	C:\Windows\WinSxS\amd64_microsoft.windows.common-controls_6595b64144ccf1df_6.0.10240.16384_none_f41f7b285750ef43\COMCTL32.dll
0x00007ffbce980000 - 0x00007ffbce9b6000 	C:\Windows\system32\IMM32.DLL
0x00007ffbcd150000 - 0x00007ffbcd2ac000 	C:\Windows\system32\MSCTF.dll
0x000000005bd60000 - 0x000000005be32000 	C:\Program Files\Java\jdk1.8.0_77\jre\bin\msvcr100.dll
0x000000005b4d0000 - 0x000000005bd60000 	C:\Program Files\Java\jdk1.8.0_77\jre\bin\server\jvm.dll
0x00007ffbcece0000 - 0x00007ffbcece8000 	C:\Windows\system32\PSAPI.DLL
0x00007ffbc2b20000 - 0x00007ffbc2b29000 	C:\Windows\SYSTEM32\WSOCK32.dll
0x00007ffbca5d0000 - 0x00007ffbca5f3000 	C:\Windows\SYSTEM32\WINMM.dll
0x00007ffbc8f60000 - 0x00007ffbc8f6a000 	C:\Windows\SYSTEM32\VERSION.dll
0x00007ffbcf510000 - 0x00007ffbcf579000 	C:\Windows\system32\ws2_32.DLL
0x00007ffbca570000 - 0x00007ffbca59c000 	C:\Windows\SYSTEM32\WINMMBASE.dll
0x00007ffbcd2b0000 - 0x00007ffbcd2b8000 	C:\Windows\system32\NSI.dll
0x00007ffbccd80000 - 0x00007ffbccdc4000 	C:\Windows\system32\cfgmgr32.dll
0x00007ffbcadf0000 - 0x00007ffbcae17000 	C:\Windows\SYSTEM32\DEVOBJ.dll
0x000000005b4c0000 - 0x000000005b4cf000 	C:\Program Files\Java\jdk1.8.0_77\jre\bin\verify.dll
0x000000005b490000 - 0x000000005b4b9000 	C:\Program Files\Java\jdk1.8.0_77\jre\bin\java.dll
0x000000005b470000 - 0x000000005b486000 	C:\Program Files\Java\jdk1.8.0_77\jre\bin\zip.dll
0x00007ffbcd450000 - 0x00007ffbce973000 	C:\Windows\system32\SHELL32.dll
0x00007ffbcc750000 - 0x00007ffbccd79000 	C:\Windows\system32\windows.storage.dll
0x00007ffbceeb0000 - 0x00007ffbcf12c000 	C:\Windows\system32\combase.dll
0x00007ffbcf9f0000 - 0x00007ffbcfa41000 	C:\Windows\system32\shlwapi.dll
0x00007ffbcc510000 - 0x00007ffbcc51f000 	C:\Windows\system32\kernel.appcore.dll
0x00007ffbcce80000 - 0x00007ffbccf33000 	C:\Windows\system32\shcore.dll
0x00007ffbcc4a0000 - 0x00007ffbcc4ea000 	C:\Windows\system32\powrprof.dll
0x00007ffbcc4f0000 - 0x00007ffbcc503000 	C:\Windows\system32\profapi.dll

VM Arguments:
jvm_args: -Djava.awt.headless=true -Xmx1024M -Dfile.encoding=windows-1251 -Duser.country=RU -Duser.language=ru -Duser.variant 
java_command: com.android.dx.command.Main --dex --force-jumbo --num-threads=4 --output C:\YandexDisk\rezerv\Android_studio_file\Android_studio_proecti\How_much\app\build\intermediates\pre-dexed\debug\com.android.support-support-v4-23.4.0_11ba973a2ebc45d65d842b77007167c09876de89.jar C:\YandexDisk\rezerv\Android_studio_file\Android_studio_proecti\How_much\app\build\intermediates\exploded-aar\com.android.support\support-v4\23.4.0\jars\classes.jar
java_class_path (initial): C:\Users\Admin\Desktop\kod\sdk\build-tools\23.0.3\lib\dx.jar
Launcher Type: SUN_STANDARD

Environment Variables:
JAVA_HOME=C:\Program Files\Java\jdk1.7.0_79
PATH=C:\ProgramData\Oracle\Java\javapath;C:\Windows\system32;C:\Windows;C:\Windows\System32\Wbem;C:\Windows\System32\WindowsPowerShell\v1.0\;C:\Program Files (x86)\Skype\Phone\;C:\Program Files (x86)\NVIDIA Corporation\PhysX\Common
USERNAME=Admin
OS=Windows_NT
PROCESSOR_IDENTIFIER=Intel64 Family 6 Model 61 Stepping 4, GenuineIntel



---------------  S Y S T E M  ---------------

OS: Windows 10.0 , 64 bit Build 10240 (10.0.10240.16384)

CPU:total 4 (2 cores per cpu, 2 threads per core) family 6 model 61 stepping 4, cmov, cx8, fxsr, mmx, sse, sse2, sse3, ssse3, sse4.1, sse4.2, popcnt, avx, avx2, aes, clmul, erms, 3dnowpref, lzcnt, ht, tsc, tscinvbit, bmi1, bmi2, adx

Memory: 4k page, physical 8297972k(1798644k free), swap 8297972k(6324k free)

vm_info: Java HotSpot(TM) 64-Bit Server VM (25.77-b03) for windows-amd64 JRE (1.8.0_77-b03), built on Mar 20 2016 22:01:33 by "java_re" with MS VC++ 10.0 (VS2010)

time: Sat Jul 23 11:15:19 2016
elapsed time: 7 seconds (0d 0h 0m 7s)

