#
# There is insufficient memory for the Java Runtime Environment to continue.
# Native memory allocation (malloc) failed to allocate 65552 bytes for Chunk::new
# Possible reasons:
#   The system is out of physical RAM or swap space
#   In 32 bit mode, the process size limit was hit
# Possible solutions:
#   Reduce memory load on the system
#   Increase physical memory or swap space
#   Check if swap backing store is full
#   Use 64 bit Java on a 64 bit OS
#   Decrease Java heap size (-Xmx/-Xms)
#   Decrease number of Java threads
#   Decrease Java thread stack sizes (-Xss)
#   Set larger code cache with -XX:ReservedCodeCacheSize=
# This output file may be truncated or incomplete.
#
#  Out of Memory Error (allocation.cpp:390), pid=7808, tid=6808
#
# JRE version: Java(TM) SE Runtime Environment (8.0_77-b03) (build 1.8.0_77-b03)
# Java VM: Java HotSpot(TM) 64-Bit Server VM (25.77-b03 mixed mode windows-amd64 compressed oops)
# Failed to write core dump. Minidumps are not enabled by default on client versions of Windows
#

---------------  T H R E A D  ---------------

Current thread (0x0000000014ae2800):  JavaThread "C2 CompilerThread1" daemon [_thread_in_native, id=6808, stack(0x0000000016200000,0x0000000016300000)]

Stack: [0x0000000016200000,0x0000000016300000]
[error occurred during error reporting (printing stack bounds), id 0xc0000005]

Native frames: (J=compiled Java code, j=interpreted, Vv=VM code, C=native code)


Current CompileTask:
C2:   2981 1265       4       com.android.dx.ssa.SsaBasicBlock::forEachInsn (37 bytes)


---------------  P R O C E S S  ---------------

Java Threads: ( => current thread )
  0x00000000165df000 JavaThread "pool-1-thread-4" [_thread_blocked, id=6844, stack(0x0000000016e00000,0x0000000016f00000)]
  0x00000000165de800 JavaThread "pool-1-thread-3" [_thread_blocked, id=7028, stack(0x0000000016d00000,0x0000000016e00000)]
  0x00000000165de000 JavaThread "pool-1-thread-2" [_thread_blocked, id=7912, stack(0x0000000016c00000,0x0000000016d00000)]
  0x0000000016616000 JavaThread "pool-2-thread-1" [_thread_blocked, id=7024, stack(0x0000000016b00000,0x0000000016c00000)]
  0x0000000016552000 JavaThread "pool-1-thread-1" [_thread_blocked, id=8112, stack(0x0000000016a00000,0x0000000016b00000)]
  0x0000000016307800 JavaThread "Service Thread" daemon [_thread_blocked, id=5000, stack(0x0000000016800000,0x0000000016900000)]
  0x0000000016302000 JavaThread "C1 CompilerThread2" daemon [_thread_blocked, id=8040, stack(0x0000000016700000,0x0000000016800000)]
=>0x0000000014ae2800 JavaThread "C2 CompilerThread1" daemon [_thread_in_native, id=6808, stack(0x0000000016200000,0x0000000016300000)]
  0x0000000014a91000 JavaThread "C2 CompilerThread0" daemon [_thread_in_native, id=8144, stack(0x0000000016100000,0x0000000016200000)]
  0x0000000014a90000 JavaThread "Attach Listener" daemon [_thread_blocked, id=5604, stack(0x0000000016000000,0x0000000016100000)]
  0x0000000014a8d000 JavaThread "Signal Dispatcher" daemon [_thread_blocked, id=5656, stack(0x0000000015f00000,0x0000000016000000)]
  0x0000000014a7a800 JavaThread "Finalizer" daemon [_thread_blocked, id=688, stack(0x0000000015d10000,0x0000000015e10000)]
  0x00000000023b0000 JavaThread "Reference Handler" daemon [_thread_blocked, id=6512, stack(0x0000000015c10000,0x0000000015d10000)]
  0x00000000022c0800 JavaThread "main" [_thread_in_Java, id=4444, stack(0x00000000021c0000,0x00000000022c0000)]

Other Threads:
  0x0000000014a57800 VMThread [stack: 0x0000000015b10000,0x0000000015c10000] [id=488]
  0x0000000016324000 WatcherThread [stack: 0x0000000016900000,0x0000000016a00000] [id=7848]

VM state:not at safepoint (normal execution)

VM Mutex/Monitor currently owned by a thread: None

Heap:
 PSYoungGen      total 38400K, used 10041K [0x00000000eab00000, 0x00000000ed580000, 0x0000000100000000)
  eden space 33280K, 14% used [0x00000000eab00000,0x00000000eafd17f0,0x00000000ecb80000)
  from space 5120K, 99% used [0x00000000ecb80000,0x00000000ed07ce60,0x00000000ed080000)
  to   space 5120K, 0% used [0x00000000ed080000,0x00000000ed080000,0x00000000ed580000)
 ParOldGen       total 87552K, used 688K [0x00000000c0000000, 0x00000000c5580000, 0x00000000eab00000)
  object space 87552K, 0% used [0x00000000c0000000,0x00000000c00ac320,0x00000000c5580000)
 Metaspace       used 6026K, capacity 6900K, committed 7040K, reserved 1056768K
  class space    used 598K, capacity 620K, committed 640K, reserved 1048576K

Card table byte_map: [0x0000000011780000,0x0000000011990000] byte_map_base: 0x0000000011180000

Marking Bits: (ParMarkBitMap*) 0x0000000058730600
 Begin Bits: [0x0000000011ef0000, 0x0000000012ef0000)
 End Bits:   [0x0000000012ef0000, 0x0000000013ef0000)

Polling page: 0x0000000002110000

CodeCache: size=245760Kb used=5232Kb max_used=5232Kb free=240527Kb
 bounds [0x00000000023c0000, 0x00000000028e0000, 0x00000000113c0000]
 total_blobs=1573 nmethods=1304 adapters=182
 compilation: enabled

Compilation events (10 events):
Event: 2.921 Thread 0x0000000016302000 1306       3       com.android.dx.ssa.SsaMethod::makeExitBlock (134 bytes)
Event: 2.922 Thread 0x0000000016302000 nmethod 1306 0x00000000028d9ed0 code [0x00000000028da160, 0x00000000028db168]
Event: 2.939 Thread 0x0000000016302000 1308       3       com.android.dx.ssa.back.SsaToRop::convertBasicBlocks (151 bytes)
Event: 2.942 Thread 0x0000000016302000 nmethod 1308 0x00000000028dba90 code [0x00000000028dbd80, 0x00000000028dd618]
Event: 2.942 Thread 0x0000000016302000 1307       3       com.android.dx.ssa.SsaMethod::getCountReachableBlocks (44 bytes)
Event: 2.943 Thread 0x0000000016302000 nmethod 1307 0x00000000028de3d0 code [0x00000000028de5a0, 0x00000000028dee58]
Event: 2.943 Thread 0x0000000016302000 1310       3       com.android.dx.rop.code.ThrowingInsn::withNewRegisters (21 bytes)
Event: 2.943 Thread 0x0000000016302000 nmethod 1310 0x00000000028df210 code [0x00000000028df380, 0x00000000028df6a8]
Event: 2.944 Thread 0x0000000016302000 1312       3       java.util.concurrent.locks.ReentrantLock$Sync::tryRelease (45 bytes)
Event: 2.944 Thread 0x0000000016302000 nmethod 1312 0x00000000028df790 code [0x00000000028df920, 0x00000000028dfec8]

GC Heap History (2 events):
Event: 2.794 GC heap before
{Heap before GC invocations=1 (full 0):
 PSYoungGen      total 38400K, used 33280K [0x00000000eab00000, 0x00000000ed580000, 0x0000000100000000)
  eden space 33280K, 100% used [0x00000000eab00000,0x00000000ecb80000,0x00000000ecb80000)
  from space 5120K, 0% used [0x00000000ed080000,0x00000000ed080000,0x00000000ed580000)
  to   space 5120K, 0% used [0x00000000ecb80000,0x00000000ecb80000,0x00000000ed080000)
 ParOldGen       total 87552K, used 0K [0x00000000c0000000, 0x00000000c5580000, 0x00000000eab00000)
  object space 87552K, 0% used [0x00000000c0000000,0x00000000c0000000,0x00000000c5580000)
 Metaspace       used 5957K, capacity 6898K, committed 7040K, reserved 1056768K
  class space    used 597K, capacity 618K, committed 640K, reserved 1048576K
Event: 2.818 GC heap after
Heap after GC invocations=1 (full 0):
 PSYoungGen      total 38400K, used 5107K [0x00000000eab00000, 0x00000000ed580000, 0x0000000100000000)
  eden space 33280K, 0% used [0x00000000eab00000,0x00000000eab00000,0x00000000ecb80000)
  from space 5120K, 99% used [0x00000000ecb80000,0x00000000ed07ce60,0x00000000ed080000)
  to   space 5120K, 0% used [0x00000000ed080000,0x00000000ed080000,0x00000000ed580000)
 ParOldGen       total 87552K, used 688K [0x00000000c0000000, 0x00000000c5580000, 0x00000000eab00000)
  object space 87552K, 0% used [0x00000000c0000000,0x00000000c00ac320,0x00000000c5580000)
 Metaspace       used 5957K, capacity 6898K, committed 7040K, reserved 1056768K
  class space    used 597K, capacity 618K, committed 640K, reserved 1048576K
}

Deoptimization events (10 events):
Event: 1.630 Thread 0x00000000022c0800 Uncommon trap: reason=class_check action=maybe_recompile pc=0x00000000026449f0 method=com.android.dx.ssa.NormalSsaInsn.accept(Lcom/android/dx/ssa/SsaInsn$Visitor;)V @ 9
Event: 1.659 Thread 0x00000000165de800 Uncommon trap: reason=class_check action=maybe_recompile pc=0x00000000026449f0 method=com.android.dx.ssa.NormalSsaInsn.accept(Lcom/android/dx/ssa/SsaInsn$Visitor;)V @ 9
Event: 1.659 Thread 0x00000000165de800 Uncommon trap: reason=class_check action=maybe_recompile pc=0x00000000026449f0 method=com.android.dx.ssa.NormalSsaInsn.accept(Lcom/android/dx/ssa/SsaInsn$Visitor;)V @ 9
Event: 1.665 Thread 0x00000000165de800 Uncommon trap: reason=class_check action=maybe_recompile pc=0x0000000002601830 method=com.android.dx.ssa.NormalSsaInsn.accept(Lcom/android/dx/ssa/SsaInsn$Visitor;)V @ 9
Event: 2.192 Thread 0x0000000016552000 Uncommon trap: reason=unstable_if action=reinterpret pc=0x00000000025fecf4 method=java.util.HashMap.getNode(ILjava/lang/Object;)Ljava/util/HashMap$Node; @ 129
Event: 2.226 Thread 0x00000000165df000 Uncommon trap: reason=unstable_if action=reinterpret pc=0x00000000027ae13c method=com.android.dx.rop.code.LocalItem.hashCode()I @ 25
Event: 2.860 Thread 0x00000000022c0800 Uncommon trap: reason=null_check action=make_not_entrant pc=0x0000000002735c48 method=com.android.dx.ssa.SsaRenamer.getLocalForNewReg(I)Lcom/android/dx/rop/code/LocalItem; @ 19
Event: 2.860 Thread 0x00000000022c0800 Uncommon trap: reason=null_check action=make_not_entrant pc=0x000000000272d4b4 method=com.android.dx.ssa.SsaRenamer.getLocalForNewReg(I)Lcom/android/dx/rop/code/LocalItem; @ 19
Event: 2.870 Thread 0x00000000022c0800 Uncommon trap: reason=unstable_if action=reinterpret pc=0x00000000026f0e5c method=com.android.dx.rop.cst.Constant.compareTo(Lcom/android/dx/rop/cst/Constant;)I @ 12
Event: 2.900 Thread 0x00000000022c0800 Uncommon trap: reason=unstable_if action=reinterpret pc=0x000000000288d938 method=com.android.dx.util.IntList.sort()V @ 8

Internal exceptions (4 events):
Event: 0.067 Thread 0x00000000022c0800 Exception <a 'java/lang/NoSuchMethodError': Method sun.misc.Unsafe.defineClass(Ljava/lang/String;[BII)Ljava/lang/Class; name or signature does not match> (0x00000000eab07cc0) thrown at [D:\re\workspace\8-2-build-windows-amd64-cygwin\jdk8u77\6540\hotspot\sr°‰’±?
Event: 0.067 Thread 0x00000000022c0800 Exception <a 'java/lang/NoSuchMethodError': Method sun.misc.Unsafe.prefetchRead(Ljava/lang/Object;J)V name or signature does not match> (0x00000000eab07fa8) thrown at [D:\re\workspace\8-2-build-windows-amd64-cygwin\jdk8u77\6540\hotspot\src\share\vm\prims\jh»E6‡@
Event: 2.859 Thread 0x00000000022c0800 Implicit null exception at 0x000000000273464c to 0x0000000002735bfd
Event: 2.860 Thread 0x00000000022c0800 Implicit null exception at 0x000000000272be2e to 0x000000000272d495

Events (10 events):
Event: 2.860 Thread 0x00000000022c0800 DEOPT PACKING pc=0x000000000272d4b4 sp=0x00000000022bdf20
Event: 2.860 Thread 0x00000000022c0800 DEOPT UNPACKING pc=0x000000000240582a sp=0x00000000022bdde8 mode 2
Event: 2.870 Thread 0x00000000022c0800 Uncommon trap: trap_request=0xffffff65 fr.pc=0x00000000026f0e5c
Event: 2.870 Thread 0x00000000022c0800 DEOPT PACKING pc=0x00000000026f0e5c sp=0x00000000022bde10
Event: 2.870 Thread 0x00000000022c0800 DEOPT UNPACKING pc=0x000000000240582a sp=0x00000000022bddb0 mode 2
Event: 2.900 Thread 0x00000000022c0800 Uncommon trap: trap_request=0xffffff65 fr.pc=0x000000000288d938
Event: 2.900 Thread 0x00000000022c0800 DEOPT PACKING pc=0x000000000288d938 sp=0x00000000022be130
Event: 2.900 Thread 0x00000000022c0800 DEOPT UNPACKING pc=0x000000000240582a sp=0x00000000022be070 mode 2
Event: 2.900 loading class java/util/DualPivotQuicksort
Event: 2.900 loading class java/util/DualPivotQuicksort done


Dynamic libraries:
0x00007ff7057c0000 - 0x00007ff7057f7000 	C:\Program Files\Java\jdk1.8.0_77\bin\java.exe
0x00007fffeb940000 - 0x00007fffebb02000 	C:\Windows\SYSTEM32\ntdll.dll
0x00007fffe9890000 - 0x00007fffe993d000 	C:\Windows\system32\KERNEL32.DLL
0x00007fffe8e30000 - 0x00007fffe900d000 	C:\Windows\system32\KERNELBASE.dll
0x00007fffeb780000 - 0x00007fffeb826000 	C:\Windows\system32\ADVAPI32.dll
0x00007fffe9710000 - 0x00007fffe97ad000 	C:\Windows\system32\msvcrt.dll
0x00007fffea160000 - 0x00007fffea1bb000 	C:\Windows\system32\sechost.dll
0x00007fffe9ed0000 - 0x00007fffe9ff6000 	C:\Windows\system32\RPCRT4.dll
0x00007fffe99b0000 - 0x00007fffe9afe000 	C:\Windows\system32\USER32.dll
0x00007fffe91e0000 - 0x00007fffe9365000 	C:\Windows\system32\GDI32.dll
0x00007fffe5390000 - 0x00007fffe5604000 	C:\Windows\WinSxS\amd64_microsoft.windows.common-controls_6595b64144ccf1df_6.0.10240.16384_none_f41f7b285750ef43\COMCTL32.dll
0x00007fffeb900000 - 0x00007fffeb936000 	C:\Windows\system32\IMM32.DLL
0x00007fffea000000 - 0x00007fffea15c000 	C:\Windows\system32\MSCTF.dll
0x00000000587b0000 - 0x0000000058882000 	C:\Program Files\Java\jdk1.8.0_77\jre\bin\msvcr100.dll
0x0000000057f20000 - 0x00000000587b0000 	C:\Program Files\Java\jdk1.8.0_77\jre\bin\server\jvm.dll
0x00007fffe9d70000 - 0x00007fffe9d78000 	C:\Windows\system32\PSAPI.DLL
0x00007fffe5ca0000 - 0x00007fffe5ca9000 	C:\Windows\SYSTEM32\WSOCK32.dll
0x00007fffe65f0000 - 0x00007fffe6613000 	C:\Windows\SYSTEM32\WINMM.dll
0x00007fffe9940000 - 0x00007fffe99a9000 	C:\Windows\system32\WS2_32.dll
0x00007fffeb770000 - 0x00007fffeb778000 	C:\Windows\system32\NSI.dll
0x00007fffe5610000 - 0x00007fffe561a000 	C:\Windows\SYSTEM32\VERSION.dll
0x00007fffe64f0000 - 0x00007fffe651c000 	C:\Windows\SYSTEM32\WINMMBASE.dll
0x00007fffe8410000 - 0x00007fffe8454000 	C:\Windows\system32\cfgmgr32.dll
0x00007fffe6ce0000 - 0x00007fffe6d07000 	C:\Windows\SYSTEM32\DEVOBJ.dll
0x0000000059e00000 - 0x0000000059e0f000 	C:\Program Files\Java\jdk1.8.0_77\jre\bin\verify.dll
0x0000000057ef0000 - 0x0000000057f19000 	C:\Program Files\Java\jdk1.8.0_77\jre\bin\java.dll
0x0000000059de0000 - 0x0000000059df6000 	C:\Program Files\Java\jdk1.8.0_77\jre\bin\zip.dll
0x00007fffea1e0000 - 0x00007fffeb703000 	C:\Windows\system32\SHELL32.dll
0x00007fffe8460000 - 0x00007fffe8a89000 	C:\Windows\system32\windows.storage.dll
0x00007fffe9490000 - 0x00007fffe970c000 	C:\Windows\system32\combase.dll
0x00007fffeb710000 - 0x00007fffeb761000 	C:\Windows\system32\shlwapi.dll
0x00007fffe8370000 - 0x00007fffe837f000 	C:\Windows\system32\kernel.appcore.dll
0x00007fffe8a90000 - 0x00007fffe8b43000 	C:\Windows\system32\shcore.dll
0x00007fffe83c0000 - 0x00007fffe840a000 	C:\Windows\system32\powrprof.dll
0x00007fffe8380000 - 0x00007fffe8393000 	C:\Windows\system32\profapi.dll

VM Arguments:
jvm_args: -Xmx1024M -Dfile.encoding=windows-1251 -Duser.country=RU -Duser.language=ru -Duser.variant 
java_command: com.android.dx.command.Main --dex --num-threads=4 --output C:\Users\Admin\Desktop\How_much\How_much\app\build\intermediates\pre-dexed\debug\internal_impl-23.0.0-54d92ae8fe5f40ac4724257d9630dde111ce6697.jar C:\Users\Admin\Desktop\How_much\How_much\app\build\intermediates\exploded-aar\com.android.support\support-v4\23.0.0\jars\libs\internal_impl-23.0.0.jar
java_class_path (initial): C:\Users\Admin\Desktop\kod\sdk\build-tools\23.0.3\lib\dx.jar
Launcher Type: SUN_STANDARD

Environment Variables:
JAVA_HOME=C:\Program Files\Java\jdk1.7.0_79
PATH=C:\ProgramData\Oracle\Java\javapath;C:\Windows\system32;C:\Windows;C:\Windows\System32\Wbem;C:\Windows\System32\WindowsPowerShell\v1.0\;C:\Program Files (x86)\Skype\Phone\;C:\Program Files (x86)\NVIDIA Corporation\PhysX\Common
USERNAME=Admin
OS=Windows_NT
PROCESSOR_IDENTIFIER=Intel64 Family 6 Model 61 Stepping 4, GenuineIntel



---------------  S Y S T E M  ---------------

OS: Windows 10.0 , 64 bit Build 10240 (10.0.10240.16384)

CPU:total 4 (2 cores per cpu, 2 threads per core) family 6 model 61 stepping 4, cmov, cx8, fxsr, mmx, sse, sse2, sse3, ssse3, sse4.1, sse4.2, popcnt, avx, avx2, aes, clmul, erms, 3dnowpref, lzcnt, ht, tsc, tscinvbit, bmi1, bmi2, adx

Memory: 4k page, physical 8297972k(2186108k free), swap 8297972k(6588k free)

vm_info: Java HotSpot(TM) 64-Bit Server VM (25.77-b03) for windows-amd64 JRE (1.8.0_77-b03), built on Mar 20 2016 22:01:33 by "java_re" with MS VC++ 10.0 (VS2010)

time: Wed Aug 10 20:24:07 2016
elapsed time: 2 seconds (0d 0h 0m 2s)

