#
# There is insufficient memory for the Java Runtime Environment to continue.
# Native memory allocation (malloc) failed to allocate 1838016 bytes for Chunk::new
# Possible reasons:
#   The system is out of physical RAM or swap space
#   In 32 bit mode, the process size limit was hit
# Possible solutions:
#   Reduce memory load on the system
#   Increase physical memory or swap space
#   Check if swap backing store is full
#   Use 64 bit Java on a 64 bit OS
#   Decrease Java heap size (-Xmx/-Xms)
#   Decrease number of Java threads
#   Decrease Java thread stack sizes (-Xss)
#   Set larger code cache with -XX:ReservedCodeCacheSize=
# This output file may be truncated or incomplete.
#
#  Out of Memory Error (allocation.cpp:390), pid=4084, tid=7696
#
# JRE version: Java(TM) SE Runtime Environment (8.0_77-b03) (build 1.8.0_77-b03)
# Java VM: Java HotSpot(TM) 64-Bit Server VM (25.77-b03 mixed mode windows-amd64 compressed oops)
# Failed to write core dump. Minidumps are not enabled by default on client versions of Windows
#

---------------  T H R E A D  ---------------

Current thread (0x0000000015332800):  JavaThread "C2 CompilerThread1" daemon [_thread_in_native, id=7696, stack(0x0000000016a90000,0x0000000016b90000)]

Stack: [0x0000000016a90000,0x0000000016b90000]
[error occurred during error reporting (printing stack bounds), id 0xc0000005]

Native frames: (J=compiled Java code, j=interpreted, Vv=VM code, C=native code)


Current CompileTask:
C2:   3361 1663   !   4       com.android.dx.cf.code.BytecodeArray::parseInstruction (2764 bytes)


---------------  P R O C E S S  ---------------

Java Threads: ( => current thread )
  0x0000000016fc6000 JavaThread "pool-1-thread-4" [_thread_blocked, id=5180, stack(0x0000000017690000,0x0000000017790000)]
  0x0000000016f47000 JavaThread "pool-1-thread-3" [_thread_blocked, id=7300, stack(0x0000000017590000,0x0000000017690000)]
  0x0000000016f45800 JavaThread "pool-1-thread-2" [_thread_blocked, id=1016, stack(0x0000000017490000,0x0000000017590000)]
  0x0000000016f3e000 JavaThread "pool-2-thread-1" [_thread_blocked, id=7784, stack(0x0000000017390000,0x0000000017490000)]
  0x0000000016f3d000 JavaThread "pool-1-thread-1" [_thread_blocked, id=5840, stack(0x0000000017290000,0x0000000017390000)]
  0x0000000016cc2800 JavaThread "Service Thread" daemon [_thread_blocked, id=7552, stack(0x0000000017090000,0x0000000017190000)]
  0x000000001535d800 JavaThread "C1 CompilerThread2" daemon [_thread_blocked, id=7764, stack(0x0000000016b90000,0x0000000016c90000)]
=>0x0000000015332800 JavaThread "C2 CompilerThread1" daemon [_thread_in_native, id=7696, stack(0x0000000016a90000,0x0000000016b90000)]
  0x000000001532e800 JavaThread "C2 CompilerThread0" daemon [_thread_in_native, id=6888, stack(0x0000000016990000,0x0000000016a90000)]
  0x000000001532d800 JavaThread "Attach Listener" daemon [_thread_blocked, id=2020, stack(0x0000000016890000,0x0000000016990000)]
  0x000000001532c000 JavaThread "Signal Dispatcher" daemon [_thread_blocked, id=8068, stack(0x0000000016790000,0x0000000016890000)]
  0x000000001531a800 JavaThread "Finalizer" daemon [_thread_blocked, id=3728, stack(0x00000000165a0000,0x00000000166a0000)]
  0x0000000002b8f000 JavaThread "Reference Handler" daemon [_thread_blocked, id=7880, stack(0x00000000164a0000,0x00000000165a0000)]
  0x0000000002aa0800 JavaThread "main" [_thread_blocked, id=6636, stack(0x0000000002980000,0x0000000002a80000)]

Other Threads:
  0x00000000152f7800 VMThread [stack: 0x00000000163a0000,0x00000000164a0000] [id=6300]
  0x0000000016ce8800 WatcherThread [stack: 0x0000000017190000,0x0000000017290000] [id=2584]

VM state:not at safepoint (normal execution)

VM Mutex/Monitor currently owned by a thread: None

Heap:
 PSYoungGen      total 71680K, used 16847K [0x00000000eab00000, 0x00000000ef600000, 0x0000000100000000)
  eden space 66560K, 17% used [0x00000000eab00000,0x00000000eb678860,0x00000000eec00000)
  from space 5120K, 99% used [0x00000000eec00000,0x00000000ef0fb670,0x00000000ef100000)
  to   space 5120K, 0% used [0x00000000ef100000,0x00000000ef100000,0x00000000ef600000)
 ParOldGen       total 87552K, used 16905K [0x00000000c0000000, 0x00000000c5580000, 0x00000000eab00000)
  object space 87552K, 19% used [0x00000000c0000000,0x00000000c10824c8,0x00000000c5580000)
 Metaspace       used 6237K, capacity 7090K, committed 7296K, reserved 1056768K
  class space    used 599K, capacity 618K, committed 640K, reserved 1048576K

Card table byte_map: [0x0000000012020000,0x0000000012230000] byte_map_base: 0x0000000011a20000

Marking Bits: (ParMarkBitMap*) 0x0000000058730600
 Begin Bits: [0x0000000012790000, 0x0000000013790000)
 End Bits:   [0x0000000013790000, 0x0000000014790000)

Polling page: 0x0000000001230000

CodeCache: size=245760Kb used=6883Kb max_used=6883Kb free=238877Kb
 bounds [0x0000000002c60000, 0x0000000003320000, 0x0000000011c60000]
 total_blobs=1933 nmethods=1664 adapters=182
 compilation: enabled

Compilation events (10 events):
Event: 3.354 Thread 0x000000001535d800 1723       3       com.android.dx.dex.cf.CfTranslator::translate0 (259 bytes)
Event: 3.357 Thread 0x000000001535d800 nmethod 1723 0x0000000003318650 code [0x0000000003318ac0, 0x000000000331b6d8]
Event: 3.357 Thread 0x000000001535d800 1724       2       sun.misc.Unsafe::getAndAddInt (27 bytes)
Event: 3.358 Thread 0x000000001535d800 nmethod 1724 0x000000000331d3d0 code [0x000000000331d520, 0x000000000331d6d0]
Event: 3.358 Thread 0x000000001535d800 1726       2       java.util.concurrent.ThreadPoolExecutor::runStateOf (5 bytes)
Event: 3.358 Thread 0x000000001535d800 nmethod 1726 0x000000000331d790 code [0x000000000331d8e0, 0x000000000331da10]
Event: 3.358 Thread 0x000000001535d800 1727       2       java.util.concurrent.locks.AbstractQueuedSynchronizer::setState (6 bytes)
Event: 3.358 Thread 0x000000001535d800 nmethod 1727 0x000000000331da90 code [0x000000000331dbe0, 0x000000000331dd30]
Event: 3.358 Thread 0x000000001535d800 1728       1       com.android.dx.dex.file.ClassDefItem::getThisClass (5 bytes)
Event: 3.358 Thread 0x000000001535d800 nmethod 1728 0x000000000331dd90 code [0x000000000331dee0, 0x000000000331dff0]

GC Heap History (6 events):
Event: 1.502 GC heap before
{Heap before GC invocations=1 (full 0):
 PSYoungGen      total 38400K, used 33280K [0x00000000eab00000, 0x00000000ed580000, 0x0000000100000000)
  eden space 33280K, 100% used [0x00000000eab00000,0x00000000ecb80000,0x00000000ecb80000)
  from space 5120K, 0% used [0x00000000ed080000,0x00000000ed080000,0x00000000ed580000)
  to   space 5120K, 0% used [0x00000000ecb80000,0x00000000ecb80000,0x00000000ed080000)
 ParOldGen       total 87552K, used 0K [0x00000000c0000000, 0x00000000c5580000, 0x00000000eab00000)
  object space 87552K, 0% used [0x00000000c0000000,0x00000000c0000000,0x00000000c5580000)
 Metaspace       used 6023K, capacity 6898K, committed 7040K, reserved 1056768K
  class space    used 598K, capacity 618K, committed 640K, reserved 1048576K
Event: 1.563 GC heap after
Heap after GC invocations=1 (full 0):
 PSYoungGen      total 38400K, used 5111K [0x00000000eab00000, 0x00000000ef600000, 0x0000000100000000)
  eden space 33280K, 0% used [0x00000000eab00000,0x00000000eab00000,0x00000000ecb80000)
  from space 5120K, 99% used [0x00000000ecb80000,0x00000000ed07dc88,0x00000000ed080000)
  to   space 5120K, 0% used [0x00000000ef100000,0x00000000ef100000,0x00000000ef600000)
 ParOldGen       total 87552K, used 1634K [0x00000000c0000000, 0x00000000c5580000, 0x00000000eab00000)
  object space 87552K, 1% used [0x00000000c0000000,0x00000000c0198ac8,0x00000000c5580000)
 Metaspace       used 6023K, capacity 6898K, committed 7040K, reserved 1056768K
  class space    used 598K, capacity 618K, committed 640K, reserved 1048576K
}
Event: 1.979 GC heap before
{Heap before GC invocations=2 (full 0):
 PSYoungGen      total 38400K, used 38391K [0x00000000eab00000, 0x00000000ef600000, 0x0000000100000000)
  eden space 33280K, 100% used [0x00000000eab00000,0x00000000ecb80000,0x00000000ecb80000)
  from space 5120K, 99% used [0x00000000ecb80000,0x00000000ed07dc88,0x00000000ed080000)
  to   space 5120K, 0% used [0x00000000ef100000,0x00000000ef100000,0x00000000ef600000)
 ParOldGen       total 87552K, used 1634K [0x00000000c0000000, 0x00000000c5580000, 0x00000000eab00000)
  object space 87552K, 1% used [0x00000000c0000000,0x00000000c0198ac8,0x00000000c5580000)
 Metaspace       used 6182K, capacity 7026K, committed 7296K, reserved 1056768K
  class space    used 598K, capacity 618K, committed 640K, reserved 1048576K
Event: 1.999 GC heap after
Heap after GC invocations=2 (full 0):
 PSYoungGen      total 71680K, used 5107K [0x00000000eab00000, 0x00000000ef600000, 0x0000000100000000)
  eden space 66560K, 0% used [0x00000000eab00000,0x00000000eab00000,0x00000000eec00000)
  from space 5120K, 99% used [0x00000000ef100000,0x00000000ef5fcc60,0x00000000ef600000)
  to   space 5120K, 0% used [0x00000000eec00000,0x00000000eec00000,0x00000000ef100000)
 ParOldGen       total 87552K, used 6426K [0x00000000c0000000, 0x00000000c5580000, 0x00000000eab00000)
  object space 87552K, 7% used [0x00000000c0000000,0x00000000c0646870,0x00000000c5580000)
 Metaspace       used 6182K, capacity 7026K, committed 7296K, reserved 1056768K
  class space    used 598K, capacity 618K, committed 640K, reserved 1048576K
}
Event: 3.292 GC heap before
{Heap before GC invocations=3 (full 0):
 PSYoungGen      total 71680K, used 71667K [0x00000000eab00000, 0x00000000ef600000, 0x0000000100000000)
  eden space 66560K, 100% used [0x00000000eab00000,0x00000000eec00000,0x00000000eec00000)
  from space 5120K, 99% used [0x00000000ef100000,0x00000000ef5fcc60,0x00000000ef600000)
  to   space 5120K, 0% used [0x00000000eec00000,0x00000000eec00000,0x00000000ef100000)
 ParOldGen       total 87552K, used 6426K [0x00000000c0000000, 0x00000000c5580000, 0x00000000eab00000)
  object space 87552K, 7% used [0x00000000c0000000,0x00000000c0646870,0x00000000c5580000)
 Metaspace       used 6234K, capacity 7090K, committed 7296K, reserved 1056768K
  class space    used 599K, capacity 618K, committed 640K, reserved 1048576K
Event: 3.316 GC heap after
Heap after GC invocations=3 (full 0):
 PSYoungGen      total 71680K, used 5101K [0x00000000eab00000, 0x00000000ef600000, 0x0000000100000000)
  eden space 66560K, 0% used [0x00000000eab00000,0x00000000eab00000,0x00000000eec00000)
  from space 5120K, 99% used [0x00000000eec00000,0x00000000ef0fb670,0x00000000ef100000)
  to   space 5120K, 0% used [0x00000000ef100000,0x00000000ef100000,0x00000000ef600000)
 ParOldGen       total 87552K, used 16905K [0x00000000c0000000, 0x00000000c5580000, 0x00000000eab00000)
  object space 87552K, 19% used [0x00000000c0000000,0x00000000c10824c8,0x00000000c5580000)
 Metaspace       used 6234K, capacity 7090K, committed 7296K, reserved 1056768K
  class space    used 599K, capacity 618K, committed 640K, reserved 1048576K
}

Deoptimization events (10 events):
Event: 1.062 Thread 0x0000000016fc6000 Uncommon trap: reason=class_check action=maybe_recompile pc=0x0000000002ea3e30 method=com.android.dx.ssa.NormalSsaInsn.accept(Lcom/android/dx/ssa/SsaInsn$Visitor;)V @ 9
Event: 1.092 Thread 0x0000000016fc6000 Uncommon trap: reason=class_check action=maybe_recompile pc=0x000000000301866c method=com.android.dx.ssa.NormalSsaInsn.accept(Lcom/android/dx/ssa/SsaInsn$Visitor;)V @ 9
Event: 1.314 Thread 0x0000000016f45800 Uncommon trap: reason=unstable_if action=reinterpret pc=0x0000000002eb3c9c method=com.android.dx.rop.cst.Constant.compareTo(Lcom/android/dx/rop/cst/Constant;)I @ 12
Event: 1.473 Thread 0x0000000016fc6000 Uncommon trap: reason=unstable_if action=reinterpret pc=0x000000000308587c method=com.android.dx.util.IntList.binarysearch(I)I @ 105
Event: 2.082 Thread 0x0000000016f45800 Uncommon trap: reason=unstable_if action=reinterpret pc=0x0000000002f6643c method=com.android.dx.rop.code.RegisterSpec.equals(ILcom/android/dx/rop/type/TypeBearer;Lcom/android/dx/rop/code/LocalItem;)Z @ 42
Event: 3.037 Thread 0x0000000002aa0800 Uncommon trap: reason=bimorphic action=maybe_recompile pc=0x000000000321a698 method=com.android.dx.cf.code.BytecodeArray.parseInstruction(ILcom/android/dx/cf/code/BytecodeArray$Visitor;)I @ 955
Event: 3.037 Thread 0x0000000002aa0800 Uncommon trap: reason=bimorphic action=maybe_recompile pc=0x000000000321a518 method=com.android.dx.cf.code.BytecodeArray.parseInstruction(ILcom/android/dx/cf/code/BytecodeArray$Visitor;)I @ 907
Event: 3.037 Thread 0x0000000002aa0800 Uncommon trap: reason=bimorphic action=maybe_recompile pc=0x000000000321a7f4 method=com.android.dx.cf.code.BytecodeArray.parseInstruction(ILcom/android/dx/cf/code/BytecodeArray$Visitor;)I @ 1130
Event: 3.037 Thread 0x0000000002aa0800 Uncommon trap: reason=bimorphic action=maybe_recompile pc=0x000000000321a598 method=com.android.dx.cf.code.BytecodeArray.parseInstruction(ILcom/android/dx/cf/code/BytecodeArray$Visitor;)I @ 923
Event: 3.037 Thread 0x0000000002aa0800 Uncommon trap: reason=bimorphic action=maybe_recompile pc=0x000000000321a7f4 method=com.android.dx.cf.code.BytecodeArray.parseInstruction(ILcom/android/dx/cf/code/BytecodeArray$Visitor;)I @ 1130

Internal exceptions (3 events):
Event: 0.033 Thread 0x0000000002aa0800 Exception <a 'java/lang/NoSuchMethodError': Method sun.misc.Unsafe.defineClass(Ljava/lang/String;[BII)Ljava/lang/Class; name or signature does not match> (0x00000000eab07cc0) thrown at [D:\re\workspace\8-2-build-windows-amd64-cygwin\jdk8u77\6540\hotspot\srËö|¦ê¡?
Event: 0.033 Thread 0x0000000002aa0800 Exception <a 'java/lang/NoSuchMethodError': Method sun.misc.Unsafe.prefetchRead(Ljava/lang/Object;J)V name or signature does not match> (0x00000000eab07fa8) thrown at [D:\re\workspace\8-2-build-windows-amd64-cygwin\jdk8u77\6540\hotspot\src\share\vm\prims\jŒ‰ùê_ð?
Event: 1.023 Thread 0x0000000016f47000 Implicit null exception at 0x0000000002f0149c to 0x0000000002f0352d

Events (10 events):
Event: 3.037 Thread 0x0000000002aa0800 Uncommon trap: trap_request=0xffffffc6 fr.pc=0x000000000321a598
Event: 3.037 Thread 0x0000000002aa0800 DEOPT PACKING pc=0x000000000321a598 sp=0x0000000002a7e400
Event: 3.037 Thread 0x0000000002aa0800 DEOPT UNPACKING pc=0x0000000002ca582a sp=0x0000000002a7e388 mode 2
Event: 3.037 Thread 0x0000000002aa0800 Uncommon trap: trap_request=0xffffffc6 fr.pc=0x000000000321a7f4
Event: 3.037 Thread 0x0000000002aa0800 DEOPT PACKING pc=0x000000000321a7f4 sp=0x0000000002a7e400
Event: 3.037 Thread 0x0000000002aa0800 DEOPT UNPACKING pc=0x0000000002ca582a sp=0x0000000002a7e388 mode 2
Event: 3.066 Thread 0x0000000002aa0800 DEOPT PACKING pc=0x00000000032c2c12 sp=0x0000000002a7eb60
Event: 3.066 Thread 0x0000000002aa0800 DEOPT UNPACKING pc=0x0000000002ca787f sp=0x0000000002a7e978 mode 0
Event: 3.277 Executing VM operation: ParallelGCFailedAllocation
Event: 3.316 Executing VM operation: ParallelGCFailedAllocation done


Dynamic libraries:
0x00007ff7057c0000 - 0x00007ff7057f7000 	C:\Program Files\Java\jdk1.8.0_77\bin\java.exe
0x00007fffeb940000 - 0x00007fffebb02000 	C:\Windows\SYSTEM32\ntdll.dll
0x00007fffe9890000 - 0x00007fffe993d000 	C:\Windows\system32\KERNEL32.DLL
0x00007fffe8e30000 - 0x00007fffe900d000 	C:\Windows\system32\KERNELBASE.dll
0x00007fffeb780000 - 0x00007fffeb826000 	C:\Windows\system32\ADVAPI32.dll
0x00007fffe9710000 - 0x00007fffe97ad000 	C:\Windows\system32\msvcrt.dll
0x00007fffea160000 - 0x00007fffea1bb000 	C:\Windows\system32\sechost.dll
0x00007fffe9ed0000 - 0x00007fffe9ff6000 	C:\Windows\system32\RPCRT4.dll
0x00007fffe99b0000 - 0x00007fffe9afe000 	C:\Windows\system32\USER32.dll
0x00007fffe91e0000 - 0x00007fffe9365000 	C:\Windows\system32\GDI32.dll
0x00007fffe5390000 - 0x00007fffe5604000 	C:\Windows\WinSxS\amd64_microsoft.windows.common-controls_6595b64144ccf1df_6.0.10240.16384_none_f41f7b285750ef43\COMCTL32.dll
0x00007fffeb900000 - 0x00007fffeb936000 	C:\Windows\system32\IMM32.DLL
0x00007fffea000000 - 0x00007fffea15c000 	C:\Windows\system32\MSCTF.dll
0x00000000587b0000 - 0x0000000058882000 	C:\Program Files\Java\jdk1.8.0_77\jre\bin\msvcr100.dll
0x0000000057f20000 - 0x00000000587b0000 	C:\Program Files\Java\jdk1.8.0_77\jre\bin\server\jvm.dll
0x00007fffe9d70000 - 0x00007fffe9d78000 	C:\Windows\system32\PSAPI.DLL
0x00007fffe5ca0000 - 0x00007fffe5ca9000 	C:\Windows\SYSTEM32\WSOCK32.dll
0x00007fffe65f0000 - 0x00007fffe6613000 	C:\Windows\SYSTEM32\WINMM.dll
0x00007fffe9940000 - 0x00007fffe99a9000 	C:\Windows\system32\WS2_32.dll
0x00007fffeb770000 - 0x00007fffeb778000 	C:\Windows\system32\NSI.dll
0x00007fffe64f0000 - 0x00007fffe651c000 	C:\Windows\SYSTEM32\WINMMBASE.dll
0x00007fffe8410000 - 0x00007fffe8454000 	C:\Windows\system32\cfgmgr32.dll
0x00007fffe6ce0000 - 0x00007fffe6d07000 	C:\Windows\SYSTEM32\DEVOBJ.dll
0x00007fffe5610000 - 0x00007fffe561a000 	C:\Windows\SYSTEM32\VERSION.dll
0x0000000059e00000 - 0x0000000059e0f000 	C:\Program Files\Java\jdk1.8.0_77\jre\bin\verify.dll
0x0000000057ef0000 - 0x0000000057f19000 	C:\Program Files\Java\jdk1.8.0_77\jre\bin\java.dll
0x0000000059de0000 - 0x0000000059df6000 	C:\Program Files\Java\jdk1.8.0_77\jre\bin\zip.dll
0x00007fffea1e0000 - 0x00007fffeb703000 	C:\Windows\system32\SHELL32.dll
0x00007fffe8460000 - 0x00007fffe8a89000 	C:\Windows\system32\windows.storage.dll
0x00007fffe9490000 - 0x00007fffe970c000 	C:\Windows\system32\combase.dll
0x00007fffeb710000 - 0x00007fffeb761000 	C:\Windows\system32\shlwapi.dll
0x00007fffe8370000 - 0x00007fffe837f000 	C:\Windows\system32\kernel.appcore.dll
0x00007fffe8a90000 - 0x00007fffe8b43000 	C:\Windows\system32\shcore.dll
0x00007fffe83c0000 - 0x00007fffe840a000 	C:\Windows\system32\powrprof.dll
0x00007fffe8380000 - 0x00007fffe8393000 	C:\Windows\system32\profapi.dll

VM Arguments:
jvm_args: -Xmx1024M -Dfile.encoding=windows-1251 -Duser.country=RU -Duser.language=ru -Duser.variant 
java_command: com.android.dx.command.Main --dex --num-threads=4 --output C:\Users\Admin\Desktop\How_much\How_much\app\build\intermediates\pre-dexed\debug\jsoup-1.9.2-b872a4c820f21177a3117f444893eec1b419bc69.jar C:\Users\Admin\.gradle\caches\modules-2\files-2.1\org.jsoup\jsoup\1.9.2\5e3bda828a80c7a21dfbe2308d1755759c2fd7b4\jsoup-1.9.2.jar
java_class_path (initial): C:\Users\Admin\Desktop\kod\sdk\build-tools\23.0.3\lib\dx.jar
Launcher Type: SUN_STANDARD

Environment Variables:
JAVA_HOME=C:\Program Files\Java\jdk1.7.0_79
PATH=C:\ProgramData\Oracle\Java\javapath;C:\Windows\system32;C:\Windows;C:\Windows\System32\Wbem;C:\Windows\System32\WindowsPowerShell\v1.0\;C:\Program Files (x86)\Skype\Phone\;C:\Program Files (x86)\NVIDIA Corporation\PhysX\Common
USERNAME=Admin
OS=Windows_NT
PROCESSOR_IDENTIFIER=Intel64 Family 6 Model 61 Stepping 4, GenuineIntel



---------------  S Y S T E M  ---------------

OS: Windows 10.0 , 64 bit Build 10240 (10.0.10240.16384)

CPU:total 4 (2 cores per cpu, 2 threads per core) family 6 model 61 stepping 4, cmov, cx8, fxsr, mmx, sse, sse2, sse3, ssse3, sse4.1, sse4.2, popcnt, avx, avx2, aes, clmul, erms, 3dnowpref, lzcnt, ht, tsc, tscinvbit, bmi1, bmi2, adx

Memory: 4k page, physical 8297972k(2229692k free), swap 8297972k(7104k free)

vm_info: Java HotSpot(TM) 64-Bit Server VM (25.77-b03) for windows-amd64 JRE (1.8.0_77-b03), built on Mar 20 2016 22:01:33 by "java_re" with MS VC++ 10.0 (VS2010)

time: Wed Aug 10 20:24:11 2016
elapsed time: 3 seconds (0d 0h 0m 3s)

