#
# There is insufficient memory for the Java Runtime Environment to continue.
# Native memory allocation (malloc) failed to allocate 1048576 bytes for AllocateHeap
# Possible reasons:
#   The system is out of physical RAM or swap space
#   In 32 bit mode, the process size limit was hit
# Possible solutions:
#   Reduce memory load on the system
#   Increase physical memory or swap space
#   Check if swap backing store is full
#   Use 64 bit Java on a 64 bit OS
#   Decrease Java heap size (-Xmx/-Xms)
#   Decrease number of Java threads
#   Decrease Java thread stack sizes (-Xss)
#   Set larger code cache with -XX:ReservedCodeCacheSize=
# This output file may be truncated or incomplete.
#
#  Out of Memory Error (memory/allocation.inline.hpp:61), pid=5920, tid=6776
#
# JRE version:  (8.0_77-b03) (build )
# Java VM: Java HotSpot(TM) 64-Bit Server VM (25.77-b03 mixed mode windows-amd64 compressed oops)
# Failed to write core dump. Minidumps are not enabled by default on client versions of Windows
#

---------------  T H R E A D  ---------------

Current thread (0x0000000002850800):  JavaThread "Unknown thread" [_thread_in_vm, id=6776, stack(0x00000000026c0000,0x00000000027c0000)]

Stack: [0x00000000026c0000,0x00000000027c0000]
[error occurred during error reporting (printing stack bounds), id 0xc0000005]

Native frames: (J=compiled Java code, j=interpreted, Vv=VM code, C=native code)


---------------  P R O C E S S  ---------------

Java Threads: ( => current thread )

Other Threads:

=>0x0000000002850800 (exited) JavaThread "Unknown thread" [_thread_in_vm, id=6776, stack(0x00000000026c0000,0x00000000027c0000)]

VM state:not at safepoint (normal execution)

VM Mutex/Monitor currently owned by a thread: None

Heap:
 PSYoungGen      total 38400K, used 665K [0x00000000eab00000, 0x00000000ed580000, 0x0000000100000000)
  eden space 33280K, 2% used [0x00000000eab00000,0x00000000eaba6670,0x00000000ecb80000)
  from space 5120K, 0% used [0x00000000ed080000,0x00000000ed080000,0x00000000ed580000)
  to   space 5120K, 0% used [0x00000000ecb80000,0x00000000ecb80000,0x00000000ed080000)
 ParOldGen       total 87552K, used 0K [0x00000000c0000000, 0x00000000c5580000, 0x00000000eab00000)
  object space 87552K, 0% used [0x00000000c0000000,0x00000000c0000000,0x00000000c5580000)
 Metaspace       used 769K, capacity 4480K, committed 4480K, reserved 1056768K
  class space    used 75K, capacity 384K, committed 384K, reserved 1048576K

Card table byte_map: [0x0000000011dd0000,0x0000000011fe0000] byte_map_base: 0x00000000117d0000

Marking Bits: (ParMarkBitMap*) 0x000000005bce0600
 Begin Bits: [0x0000000012540000, 0x0000000013540000)
 End Bits:   [0x0000000013540000, 0x0000000014540000)

Polling page: 0x00000000027c0000

CodeCache: size=245760Kb used=328Kb max_used=328Kb free=245431Kb
 bounds [0x0000000002a10000, 0x0000000002c80000, 0x0000000011a10000]
 total_blobs=58 nmethods=0 adapters=38
 compilation: enabled

Compilation events (0 events):
No events

GC Heap History (0 events):
No events

Deoptimization events (0 events):
No events

Internal exceptions (0 events):
No events

Events (10 events):
Event: 0.293 loading class java/lang/Short
Event: 0.294 loading class java/lang/Short done
Event: 0.294 loading class java/lang/Integer
Event: 0.294 loading class java/lang/Integer done
Event: 0.294 loading class java/lang/Long
Event: 0.294 loading class java/lang/Long done
Event: 0.330 loading class java/lang/NullPointerException
Event: 0.330 loading class java/lang/NullPointerException done
Event: 0.330 loading class java/lang/ArithmeticException
Event: 0.330 loading class java/lang/ArithmeticException done


Dynamic libraries:
0x00007ff765d70000 - 0x00007ff765da7000 	C:\Program Files\Java\jdk1.8.0_77\bin\java.exe
0x00007ffbcfa50000 - 0x00007ffbcfc12000 	C:\Windows\SYSTEM32\ntdll.dll
0x00007ffbcf840000 - 0x00007ffbcf8ed000 	C:\Windows\system32\KERNEL32.DLL
0x00007ffbccf40000 - 0x00007ffbcd11d000 	C:\Windows\system32\KERNELBASE.dll
0x00007ffbcf460000 - 0x00007ffbcf506000 	C:\Windows\system32\ADVAPI32.dll
0x00007ffbcf950000 - 0x00007ffbcf9ed000 	C:\Windows\system32\msvcrt.dll
0x00007ffbcf7e0000 - 0x00007ffbcf83b000 	C:\Windows\system32\sechost.dll
0x00007ffbcf330000 - 0x00007ffbcf456000 	C:\Windows\system32\RPCRT4.dll
0x00007ffbcecf0000 - 0x00007ffbcee3e000 	C:\Windows\system32\USER32.dll
0x00007ffbcd2c0000 - 0x00007ffbcd445000 	C:\Windows\system32\GDI32.dll
0x00007ffbc8ce0000 - 0x00007ffbc8f54000 	C:\Windows\WinSxS\amd64_microsoft.windows.common-controls_6595b64144ccf1df_6.0.10240.16384_none_f41f7b285750ef43\COMCTL32.dll
0x00007ffbce980000 - 0x00007ffbce9b6000 	C:\Windows\system32\IMM32.DLL
0x00007ffbcd150000 - 0x00007ffbcd2ac000 	C:\Windows\system32\MSCTF.dll
0x000000005bd60000 - 0x000000005be32000 	C:\Program Files\Java\jdk1.8.0_77\jre\bin\msvcr100.dll
0x000000005b4d0000 - 0x000000005bd60000 	C:\Program Files\Java\jdk1.8.0_77\jre\bin\server\jvm.dll
0x00007ffbcece0000 - 0x00007ffbcece8000 	C:\Windows\system32\PSAPI.DLL
0x00007ffbc2b20000 - 0x00007ffbc2b29000 	C:\Windows\SYSTEM32\WSOCK32.dll
0x00007ffbcf510000 - 0x00007ffbcf579000 	C:\Windows\system32\WS2_32.dll
0x00007ffbcd2b0000 - 0x00007ffbcd2b8000 	C:\Windows\system32\NSI.dll
0x00007ffbca5d0000 - 0x00007ffbca5f3000 	C:\Windows\SYSTEM32\WINMM.dll
0x00007ffbc8f60000 - 0x00007ffbc8f6a000 	C:\Windows\SYSTEM32\VERSION.dll
0x00007ffbca570000 - 0x00007ffbca59c000 	C:\Windows\SYSTEM32\WINMMBASE.dll
0x00007ffbccd80000 - 0x00007ffbccdc4000 	C:\Windows\system32\cfgmgr32.dll
0x00007ffbcadf0000 - 0x00007ffbcae17000 	C:\Windows\SYSTEM32\DEVOBJ.dll
0x000000005b4c0000 - 0x000000005b4cf000 	C:\Program Files\Java\jdk1.8.0_77\jre\bin\verify.dll
0x000000005b490000 - 0x000000005b4b9000 	C:\Program Files\Java\jdk1.8.0_77\jre\bin\java.dll
0x000000005b470000 - 0x000000005b486000 	C:\Program Files\Java\jdk1.8.0_77\jre\bin\zip.dll

VM Arguments:
jvm_args: -Djava.awt.headless=true -Xmx1024M -Dfile.encoding=windows-1251 -Duser.country=RU -Duser.language=ru -Duser.variant 
java_command: com.android.dx.command.Main --dex --force-jumbo --num-threads=4 --output C:\YandexDisk\rezerv\Android_studio_file\Android_studio_proecti\How_much\app\build\intermediates\pre-dexed\debug\instant-run_08ef068ccd0a4326dde85d0d3985f70b7c752a93.jar C:\YandexDisk\rezerv\Android_studio_file\Android_studio_proecti\How_much\app\build\intermediates\incremental-runtime-classes\debug\instant-run.jar
java_class_path (initial): C:\Users\Admin\Desktop\kod\sdk\build-tools\23.0.3\lib\dx.jar
Launcher Type: SUN_STANDARD

Environment Variables:
JAVA_HOME=C:\Program Files\Java\jdk1.7.0_79
PATH=C:\ProgramData\Oracle\Java\javapath;C:\Windows\system32;C:\Windows;C:\Windows\System32\Wbem;C:\Windows\System32\WindowsPowerShell\v1.0\;C:\Program Files (x86)\Skype\Phone\;C:\Program Files (x86)\NVIDIA Corporation\PhysX\Common
USERNAME=Admin
OS=Windows_NT
PROCESSOR_IDENTIFIER=Intel64 Family 6 Model 61 Stepping 4, GenuineIntel



---------------  S Y S T E M  ---------------

OS: Windows 10.0 , 64 bit Build 10240 (10.0.10240.16384)

CPU:total 4 (2 cores per cpu, 2 threads per core) family 6 model 61 stepping 4, cmov, cx8, fxsr, mmx, sse, sse2, sse3, ssse3, sse4.1, sse4.2, popcnt, avx, avx2, aes, clmul, erms, 3dnowpref, lzcnt, ht, tsc, tscinvbit, bmi1, bmi2, adx

Memory: 4k page, physical 8297972k(1794280k free), swap 8297972k(5472k free)

vm_info: Java HotSpot(TM) 64-Bit Server VM (25.77-b03) for windows-amd64 JRE (1.8.0_77-b03), built on Mar 20 2016 22:01:33 by "java_re" with MS VC++ 10.0 (VS2010)

time: Sat Jul 23 11:15:19 2016
elapsed time: 0 seconds (0d 0h 0m 0s)

