#
# There is insufficient memory for the Java Runtime Environment to continue.
# Native memory allocation (malloc) failed to allocate 68896 bytes for Chunk::new
# Possible reasons:
#   The system is out of physical RAM or swap space
#   In 32 bit mode, the process size limit was hit
# Possible solutions:
#   Reduce memory load on the system
#   Increase physical memory or swap space
#   Check if swap backing store is full
#   Use 64 bit Java on a 64 bit OS
#   Decrease Java heap size (-Xmx/-Xms)
#   Decrease number of Java threads
#   Decrease Java thread stack sizes (-Xss)
#   Set larger code cache with -XX:ReservedCodeCacheSize=
# This output file may be truncated or incomplete.
#
#  Out of Memory Error (allocation.cpp:390), pid=3300, tid=7332
#
# JRE version: Java(TM) SE Runtime Environment (8.0_77-b03) (build 1.8.0_77-b03)
# Java VM: Java HotSpot(TM) 64-Bit Server VM (25.77-b03 mixed mode windows-amd64 compressed oops)
# Failed to write core dump. Minidumps are not enabled by default on client versions of Windows
#

---------------  T H R E A D  ---------------

Current thread (0x00000000151a9000):  JavaThread "C2 CompilerThread0" daemon [_thread_in_native, id=7332, stack(0x0000000016700000,0x0000000016800000)]

Stack: [0x0000000016700000,0x0000000016800000]
[error occurred during error reporting (printing stack bounds), id 0xc0000005]

Native frames: (J=compiled Java code, j=interpreted, Vv=VM code, C=native code)


Current CompileTask:
C2:   4467 1572       4       com.android.dx.dex.code.OutputFinisher::addConstants (93 bytes)


---------------  P R O C E S S  ---------------

Java Threads: ( => current thread )
  0x000000001690e000 JavaThread "Service Thread" daemon [_thread_blocked, id=952, stack(0x0000000016e00000,0x0000000016f00000)]
  0x0000000016908800 JavaThread "C1 CompilerThread2" daemon [_thread_blocked, id=7576, stack(0x0000000016d00000,0x0000000016e00000)]
  0x00000000151ad000 JavaThread "C2 CompilerThread1" daemon [_thread_in_native, id=5364, stack(0x0000000016800000,0x0000000016900000)]
=>0x00000000151a9000 JavaThread "C2 CompilerThread0" daemon [_thread_in_native, id=7332, stack(0x0000000016700000,0x0000000016800000)]
  0x00000000151a8000 JavaThread "Attach Listener" daemon [_thread_blocked, id=7924, stack(0x0000000016600000,0x0000000016700000)]
  0x00000000151b7000 JavaThread "Signal Dispatcher" daemon [_thread_blocked, id=5400, stack(0x0000000016500000,0x0000000016600000)]
  0x0000000002ad4800 JavaThread "Finalizer" daemon [_thread_blocked, id=7792, stack(0x0000000016400000,0x0000000016500000)]
  0x0000000002acf000 JavaThread "Reference Handler" daemon [_thread_blocked, id=6736, stack(0x0000000016300000,0x0000000016400000)]
  0x00000000029e0800 JavaThread "main" [_thread_in_vm, id=7836, stack(0x00000000028e0000,0x00000000029e0000)]

Other Threads:
  0x0000000015177800 VMThread [stack: 0x0000000016200000,0x0000000016300000] [id=6856]
  0x0000000016924000 WatcherThread [stack: 0x0000000016f00000,0x0000000017000000] [id=8024]

VM state:not at safepoint (normal execution)

VM Mutex/Monitor currently owned by a thread: None

Heap:
 PSYoungGen      total 38400K, used 5752K [0x00000000eab00000, 0x00000000ef600000, 0x0000000100000000)
  eden space 33280K, 1% used [0x00000000eab00000,0x00000000eaba2330,0x00000000ecb80000)
  from space 5120K, 99% used [0x00000000ed080000,0x00000000ed57c038,0x00000000ed580000)
  to   space 5120K, 0% used [0x00000000ecb80000,0x00000000ecb80000,0x00000000ed080000)
 ParOldGen       total 87552K, used 5946K [0x00000000c0000000, 0x00000000c5580000, 0x00000000eab00000)
  object space 87552K, 6% used [0x00000000c0000000,0x00000000c05ceb20,0x00000000c5580000)
 Metaspace       used 6305K, capacity 7192K, committed 7424K, reserved 1056768K
  class space    used 617K, capacity 656K, committed 768K, reserved 1048576K

Card table byte_map: [0x0000000011ea0000,0x00000000120b0000] byte_map_base: 0x00000000118a0000

Marking Bits: (ParMarkBitMap*) 0x0000000058730600
 Begin Bits: [0x0000000012610000, 0x0000000013610000)
 End Bits:   [0x0000000013610000, 0x0000000014610000)

Polling page: 0x0000000002770000

CodeCache: size=245760Kb used=6614Kb max_used=6614Kb free=239145Kb
 bounds [0x0000000002ae0000, 0x0000000003160000, 0x0000000011ae0000]
 total_blobs=1861 nmethods=1592 adapters=182
 compilation: enabled

Compilation events (10 events):
Event: 4.460 Thread 0x0000000016908800 1613       3       java.lang.Enum::compareTo (44 bytes)
Event: 4.460 Thread 0x0000000016908800 nmethod 1613 0x0000000003158cd0 code [0x0000000003158e80, 0x0000000003159788]
Event: 4.460 Thread 0x0000000016908800 1614       3       com.android.dx.dex.file.CodeItem::itemType (4 bytes)
Event: 4.461 Thread 0x0000000016908800 nmethod 1614 0x00000000031599d0 code [0x0000000003159b20, 0x0000000003159c70]
Event: 4.461 Thread 0x0000000016908800 1615       3       com.android.dx.dex.file.MixedItemSection$1::compare (13 bytes)
Event: 4.461 Thread 0x0000000016908800 nmethod 1615 0x0000000003159d10 code [0x0000000003159ec0, 0x000000000315a508]
Event: 4.461 Thread 0x0000000016908800 1616       3       com.android.dx.dex.file.MixedItemSection$1::compare (18 bytes)
Event: 4.461 Thread 0x0000000016908800 nmethod 1616 0x000000000315a750 code [0x000000000315a8e0, 0x000000000315ac88]
Event: 4.461 Thread 0x0000000016908800 1617       3       com.android.dx.dex.file.AnnotationSetItem::itemType (4 bytes)
Event: 4.461 Thread 0x0000000016908800 nmethod 1617 0x000000000315ae10 code [0x000000000315af60, 0x000000000315b0b0]

GC Heap History (4 events):
Event: 3.083 GC heap before
{Heap before GC invocations=1 (full 0):
 PSYoungGen      total 38400K, used 33280K [0x00000000eab00000, 0x00000000ed580000, 0x0000000100000000)
  eden space 33280K, 100% used [0x00000000eab00000,0x00000000ecb80000,0x00000000ecb80000)
  from space 5120K, 0% used [0x00000000ed080000,0x00000000ed080000,0x00000000ed580000)
  to   space 5120K, 0% used [0x00000000ecb80000,0x00000000ecb80000,0x00000000ed080000)
 ParOldGen       total 87552K, used 0K [0x00000000c0000000, 0x00000000c5580000, 0x00000000eab00000)
  object space 87552K, 0% used [0x00000000c0000000,0x00000000c0000000,0x00000000c5580000)
 Metaspace       used 5988K, capacity 6898K, committed 7040K, reserved 1056768K
  class space    used 600K, capacity 618K, committed 640K, reserved 1048576K
Event: 3.095 GC heap after
Heap after GC invocations=1 (full 0):
 PSYoungGen      total 38400K, used 5114K [0x00000000eab00000, 0x00000000ed580000, 0x0000000100000000)
  eden space 33280K, 0% used [0x00000000eab00000,0x00000000eab00000,0x00000000ecb80000)
  from space 5120K, 99% used [0x00000000ecb80000,0x00000000ed07eac8,0x00000000ed080000)
  to   space 5120K, 0% used [0x00000000ed080000,0x00000000ed080000,0x00000000ed580000)
 ParOldGen       total 87552K, used 1709K [0x00000000c0000000, 0x00000000c5580000, 0x00000000eab00000)
  object space 87552K, 1% used [0x00000000c0000000,0x00000000c01ab448,0x00000000c5580000)
 Metaspace       used 5988K, capacity 6898K, committed 7040K, reserved 1056768K
  class space    used 600K, capacity 618K, committed 640K, reserved 1048576K
}
Event: 4.398 GC heap before
{Heap before GC invocations=2 (full 0):
 PSYoungGen      total 38400K, used 38394K [0x00000000eab00000, 0x00000000ed580000, 0x0000000100000000)
  eden space 33280K, 100% used [0x00000000eab00000,0x00000000ecb80000,0x00000000ecb80000)
  from space 5120K, 99% used [0x00000000ecb80000,0x00000000ed07eac8,0x00000000ed080000)
  to   space 5120K, 0% used [0x00000000ed080000,0x00000000ed080000,0x00000000ed580000)
 ParOldGen       total 87552K, used 1709K [0x00000000c0000000, 0x00000000c5580000, 0x00000000eab00000)
  object space 87552K, 1% used [0x00000000c0000000,0x00000000c01ab448,0x00000000c5580000)
 Metaspace       used 6235K, capacity 7096K, committed 7296K, reserved 1056768K
  class space    used 609K, capacity 624K, committed 640K, reserved 1048576K
Event: 4.425 GC heap after
Heap after GC invocations=2 (full 0):
 PSYoungGen      total 38400K, used 5104K [0x00000000eab00000, 0x00000000ef600000, 0x0000000100000000)
  eden space 33280K, 0% used [0x00000000eab00000,0x00000000eab00000,0x00000000ecb80000)
  from space 5120K, 99% used [0x00000000ed080000,0x00000000ed57c038,0x00000000ed580000)
  to   space 5120K, 0% used [0x00000000ecb80000,0x00000000ecb80000,0x00000000ed080000)
 ParOldGen       total 87552K, used 5946K [0x00000000c0000000, 0x00000000c5580000, 0x00000000eab00000)
  object space 87552K, 6% used [0x00000000c0000000,0x00000000c05ceb20,0x00000000c5580000)
 Metaspace       used 6235K, capacity 7096K, committed 7296K, reserved 1056768K
  class space    used 609K, capacity 624K, committed 640K, reserved 1048576K
}

Deoptimization events (10 events):
Event: 4.189 Thread 0x00000000029e0800 Uncommon trap: reason=class_check action=maybe_recompile pc=0x0000000002f1a5b4 method=java.util.Arrays.hashCode([Ljava/lang/Object;)I @ 43
Event: 4.205 Thread 0x00000000029e0800 Uncommon trap: reason=bimorphic action=maybe_recompile pc=0x0000000002d34f5c method=java.util.HashMap.getNode(ILjava/lang/Object;)Ljava/util/HashMap$Node; @ 126
Event: 4.205 Thread 0x00000000029e0800 Uncommon trap: reason=class_check action=maybe_recompile pc=0x0000000002f45128 method=java.util.HashMap.putVal(ILjava/lang/Object;Ljava/lang/Object;ZZ)Ljava/lang/Object; @ 203
Event: 4.207 Thread 0x00000000029e0800 Uncommon trap: reason=bimorphic action=maybe_recompile pc=0x0000000002d34f5c method=java.util.HashMap.getNode(ILjava/lang/Object;)Ljava/util/HashMap$Node; @ 126
Event: 4.207 Thread 0x00000000029e0800 Uncommon trap: reason=bimorphic action=maybe_recompile pc=0x0000000002d34f5c method=java.util.HashMap.getNode(ILjava/lang/Object;)Ljava/util/HashMap$Node; @ 126
Event: 4.207 Thread 0x00000000029e0800 Uncommon trap: reason=class_check action=maybe_recompile pc=0x0000000002f45128 method=java.util.HashMap.putVal(ILjava/lang/Object;Ljava/lang/Object;ZZ)Ljava/lang/Object; @ 203
Event: 4.207 Thread 0x00000000029e0800 Uncommon trap: reason=bimorphic action=maybe_recompile pc=0x0000000002d59ca8 method=java.util.HashMap.getNode(ILjava/lang/Object;)Ljava/util/HashMap$Node; @ 126
Event: 4.217 Thread 0x00000000029e0800 Uncommon trap: reason=class_check action=maybe_recompile pc=0x0000000002f45128 method=java.util.HashMap.putVal(ILjava/lang/Object;Ljava/lang/Object;ZZ)Ljava/lang/Object; @ 203
Event: 4.217 Thread 0x00000000029e0800 Uncommon trap: reason=class_check action=maybe_recompile pc=0x0000000002f45128 method=java.util.HashMap.putVal(ILjava/lang/Object;Ljava/lang/Object;ZZ)Ljava/lang/Object; @ 203
Event: 4.217 Thread 0x00000000029e0800 Uncommon trap: reason=class_check action=maybe_recompile pc=0x0000000002f20cd8 method=java.util.HashMap.putVal(ILjava/lang/Object;Ljava/lang/Object;ZZ)Ljava/lang/Object; @ 203

Internal exceptions (3 events):
Event: 1.407 Thread 0x00000000029e0800 Exception <a 'java/lang/NoSuchMethodError': Method sun.misc.Unsafe.defineClass(Ljava/lang/String;[BII)Ljava/lang/Class; name or signature does not match> (0x00000000eab07cc0) thrown at [D:\re\workspace\8-2-build-windows-amd64-cygwin\jdk8u77\6540\hotspot\sr–®jﬁÅˆ?
Event: 1.407 Thread 0x00000000029e0800 Exception <a 'java/lang/NoSuchMethodError': Method sun.misc.Unsafe.prefetchRead(Ljava/lang/Object;J)V name or signature does not match> (0x00000000eab07fa8) thrown at [D:\re\workspace\8-2-build-windows-amd64-cygwin\jdk8u77\6540\hotspot\src\share\vm\prims\j“X ü1?@
Event: 2.656 Thread 0x0000000016af5000 Implicit null exception at 0x0000000002d7e8f2 to 0x0000000002d80291

Events (10 events):
Event: 4.462 loading class com/android/dx/dex/code/DalvInsnList
Event: 4.462 loading class com/android/dx/dex/code/DalvInsnList done
Event: 4.463 loading class com/android/dx/dex/code/PositionList
Event: 4.463 loading class com/android/dx/dex/code/PositionList done
Event: 4.463 loading class com/android/dx/dex/code/PositionList$Entry
Event: 4.463 loading class com/android/dx/dex/code/PositionList$Entry done
Event: 4.464 loading class com/android/dx/dex/code/LocalList
Event: 4.464 loading class com/android/dx/dex/code/LocalList done
Event: 4.464 loading class com/android/dx/dex/code/LocalList$MakeState
Event: 4.464 loading class com/android/dx/dex/code/LocalList$MakeState done


Dynamic libraries:
0x00007ff7057c0000 - 0x00007ff7057f7000 	C:\Program Files\Java\jdk1.8.0_77\bin\java.exe
0x00007fffeb940000 - 0x00007fffebb02000 	C:\Windows\SYSTEM32\ntdll.dll
0x00007fffe9890000 - 0x00007fffe993d000 	C:\Windows\system32\KERNEL32.DLL
0x00007fffe8e30000 - 0x00007fffe900d000 	C:\Windows\system32\KERNELBASE.dll
0x00007fffeb780000 - 0x00007fffeb826000 	C:\Windows\system32\ADVAPI32.dll
0x00007fffe9710000 - 0x00007fffe97ad000 	C:\Windows\system32\msvcrt.dll
0x00007fffea160000 - 0x00007fffea1bb000 	C:\Windows\system32\sechost.dll
0x00007fffe9ed0000 - 0x00007fffe9ff6000 	C:\Windows\system32\RPCRT4.dll
0x00007fffe99b0000 - 0x00007fffe9afe000 	C:\Windows\system32\USER32.dll
0x00007fffe91e0000 - 0x00007fffe9365000 	C:\Windows\system32\GDI32.dll
0x00007fffe5390000 - 0x00007fffe5604000 	C:\Windows\WinSxS\amd64_microsoft.windows.common-controls_6595b64144ccf1df_6.0.10240.16384_none_f41f7b285750ef43\COMCTL32.dll
0x00007fffeb900000 - 0x00007fffeb936000 	C:\Windows\system32\IMM32.DLL
0x00007fffea000000 - 0x00007fffea15c000 	C:\Windows\system32\MSCTF.dll
0x00000000587b0000 - 0x0000000058882000 	C:\Program Files\Java\jdk1.8.0_77\jre\bin\msvcr100.dll
0x0000000057f20000 - 0x00000000587b0000 	C:\Program Files\Java\jdk1.8.0_77\jre\bin\server\jvm.dll
0x00007fffe9d70000 - 0x00007fffe9d78000 	C:\Windows\system32\PSAPI.DLL
0x00007fffe5ca0000 - 0x00007fffe5ca9000 	C:\Windows\SYSTEM32\WSOCK32.dll
0x00007fffe9940000 - 0x00007fffe99a9000 	C:\Windows\system32\WS2_32.dll
0x00007fffeb770000 - 0x00007fffeb778000 	C:\Windows\system32\NSI.dll
0x00007fffe65f0000 - 0x00007fffe6613000 	C:\Windows\SYSTEM32\WINMM.dll
0x00007fffe5610000 - 0x00007fffe561a000 	C:\Windows\SYSTEM32\VERSION.dll
0x00007fffe64f0000 - 0x00007fffe651c000 	C:\Windows\SYSTEM32\WINMMBASE.dll
0x00007fffe8410000 - 0x00007fffe8454000 	C:\Windows\system32\cfgmgr32.dll
0x00007fffe6ce0000 - 0x00007fffe6d07000 	C:\Windows\SYSTEM32\DEVOBJ.dll
0x0000000059e00000 - 0x0000000059e0f000 	C:\Program Files\Java\jdk1.8.0_77\jre\bin\verify.dll
0x0000000057ef0000 - 0x0000000057f19000 	C:\Program Files\Java\jdk1.8.0_77\jre\bin\java.dll
0x0000000059de0000 - 0x0000000059df6000 	C:\Program Files\Java\jdk1.8.0_77\jre\bin\zip.dll
0x00007fffea1e0000 - 0x00007fffeb703000 	C:\Windows\system32\SHELL32.dll
0x00007fffe8460000 - 0x00007fffe8a89000 	C:\Windows\system32\windows.storage.dll
0x00007fffe9490000 - 0x00007fffe970c000 	C:\Windows\system32\combase.dll
0x00007fffeb710000 - 0x00007fffeb761000 	C:\Windows\system32\shlwapi.dll
0x00007fffe8370000 - 0x00007fffe837f000 	C:\Windows\system32\kernel.appcore.dll
0x00007fffe8a90000 - 0x00007fffe8b43000 	C:\Windows\system32\shcore.dll
0x00007fffe83c0000 - 0x00007fffe840a000 	C:\Windows\system32\powrprof.dll
0x00007fffe8380000 - 0x00007fffe8393000 	C:\Windows\system32\profapi.dll

VM Arguments:
jvm_args: -Xmx1024M -Dfile.encoding=windows-1251 -Duser.country=RU -Duser.language=ru -Duser.variant 
java_command: com.android.dx.command.Main --dex --num-threads=4 --output C:\Users\Admin\Desktop\How_much\How_much\app\build\intermediates\pre-dexed\debug\picasso-2.5.2-22368cdf4e005ae56673dc222b14a85e132ad1b9.jar C:\Users\Admin\.gradle\caches\modules-2\files-2.1\com.squareup.picasso\picasso\2.5.2\7446d06ec8d4f7ffcc53f1da37c95f200dcb9387\picasso-2.5.2.jar
java_class_path (initial): C:\Users\Admin\Desktop\kod\sdk\build-tools\23.0.3\lib\dx.jar
Launcher Type: SUN_STANDARD

Environment Variables:
JAVA_HOME=C:\Program Files\Java\jdk1.7.0_79
PATH=C:\ProgramData\Oracle\Java\javapath;C:\Windows\system32;C:\Windows;C:\Windows\System32\Wbem;C:\Windows\System32\WindowsPowerShell\v1.0\;C:\Program Files (x86)\Skype\Phone\;C:\Program Files (x86)\NVIDIA Corporation\PhysX\Common
USERNAME=Admin
OS=Windows_NT
PROCESSOR_IDENTIFIER=Intel64 Family 6 Model 61 Stepping 4, GenuineIntel



---------------  S Y S T E M  ---------------

OS: Windows 10.0 , 64 bit Build 10240 (10.0.10240.16384)

CPU:total 4 (2 cores per cpu, 2 threads per core) family 6 model 61 stepping 4, cmov, cx8, fxsr, mmx, sse, sse2, sse3, ssse3, sse4.1, sse4.2, popcnt, avx, avx2, aes, clmul, erms, 3dnowpref, lzcnt, ht, tsc, tscinvbit, bmi1, bmi2, adx

Memory: 4k page, physical 8297972k(2260272k free), swap 8297972k(5200k free)

vm_info: Java HotSpot(TM) 64-Bit Server VM (25.77-b03) for windows-amd64 JRE (1.8.0_77-b03), built on Mar 20 2016 22:01:33 by "java_re" with MS VC++ 10.0 (VS2010)

time: Wed Aug 10 20:24:17 2016
elapsed time: 4 seconds (0d 0h 0m 4s)

