#
# There is insufficient memory for the Java Runtime Environment to continue.
# Native memory allocation (malloc) failed to allocate 145680 bytes for Chunk::new
# Possible reasons:
#   The system is out of physical RAM or swap space
#   In 32 bit mode, the process size limit was hit
# Possible solutions:
#   Reduce memory load on the system
#   Increase physical memory or swap space
#   Check if swap backing store is full
#   Use 64 bit Java on a 64 bit OS
#   Decrease Java heap size (-Xmx/-Xms)
#   Decrease number of Java threads
#   Decrease Java thread stack sizes (-Xss)
#   Set larger code cache with -XX:ReservedCodeCacheSize=
# This output file may be truncated or incomplete.
#
#  Out of Memory Error (allocation.cpp:390), pid=7812, tid=6880
#
# JRE version: Java(TM) SE Runtime Environment (8.0_77-b03) (build 1.8.0_77-b03)
# Java VM: Java HotSpot(TM) 64-Bit Server VM (25.77-b03 mixed mode windows-amd64 compressed oops)
# Failed to write core dump. Minidumps are not enabled by default on client versions of Windows
#

---------------  T H R E A D  ---------------

Current thread (0x0000000014cb1800):  JavaThread "C2 CompilerThread1" daemon [_thread_in_native, id=6880, stack(0x00000000163f0000,0x00000000164f0000)]

Stack: [0x00000000163f0000,0x00000000164f0000]
[error occurred during error reporting (printing stack bounds), id 0xc0000005]

Native frames: (J=compiled Java code, j=interpreted, Vv=VM code, C=native code)


Current CompileTask:
C2:   2983 1133       4       com.android.dx.ssa.SCCP::simulateStmt (481 bytes)


---------------  P R O C E S S  ---------------

Java Threads: ( => current thread )
  0x0000000016792000 JavaThread "pool-1-thread-4" [_thread_blocked, id=604, stack(0x0000000016ff0000,0x00000000170f0000)]
  0x0000000016791000 JavaThread "pool-1-thread-3" [_thread_in_Java, id=4432, stack(0x0000000016ef0000,0x0000000016ff0000)]
  0x000000001676f800 JavaThread "pool-1-thread-2" [_thread_blocked, id=7644, stack(0x0000000016df0000,0x0000000016ef0000)]
  0x000000001676d000 JavaThread "pool-2-thread-1" [_thread_blocked, id=4876, stack(0x0000000016cf0000,0x0000000016df0000)]
  0x000000001676a800 JavaThread "pool-1-thread-1" [_thread_blocked, id=6520, stack(0x0000000016bf0000,0x0000000016cf0000)]
  0x00000000165fc800 JavaThread "Service Thread" daemon [_thread_blocked, id=884, stack(0x00000000169f0000,0x0000000016af0000)]
  0x0000000014d0d000 JavaThread "C1 CompilerThread2" daemon [_thread_blocked, id=7112, stack(0x00000000164f0000,0x00000000165f0000)]
=>0x0000000014cb1800 JavaThread "C2 CompilerThread1" daemon [_thread_in_native, id=6880, stack(0x00000000163f0000,0x00000000164f0000)]
  0x0000000014cad800 JavaThread "C2 CompilerThread0" daemon [_thread_in_native, id=760, stack(0x00000000162f0000,0x00000000163f0000)]
  0x0000000014cac800 JavaThread "Attach Listener" daemon [_thread_blocked, id=2572, stack(0x00000000161f0000,0x00000000162f0000)]
  0x0000000014cab000 JavaThread "Signal Dispatcher" daemon [_thread_blocked, id=5664, stack(0x00000000160f0000,0x00000000161f0000)]
  0x0000000002504800 JavaThread "Finalizer" daemon [_thread_blocked, id=7180, stack(0x0000000015f00000,0x0000000016000000)]
  0x00000000024ff000 JavaThread "Reference Handler" daemon [_thread_blocked, id=4904, stack(0x0000000015e00000,0x0000000015f00000)]
  0x0000000002410800 JavaThread "main" [_thread_in_Java, id=836, stack(0x00000000022d0000,0x00000000023d0000)]

Other Threads:
  0x0000000014c77800 VMThread [stack: 0x0000000015d00000,0x0000000015e00000] [id=592]
  0x0000000016614000 WatcherThread [stack: 0x0000000016af0000,0x0000000016bf0000] [id=5876]

VM state:not at safepoint (normal execution)

VM Mutex/Monitor currently owned by a thread: None

Heap:
 PSYoungGen      total 38400K, used 14983K [0x00000000eab00000, 0x00000000ed580000, 0x0000000100000000)
  eden space 33280K, 29% used [0x00000000eab00000,0x00000000eb4a7360,0x00000000ecb80000)
  from space 5120K, 99% used [0x00000000ecb80000,0x00000000ed07aab8,0x00000000ed080000)
  to   space 5120K, 0% used [0x00000000ed080000,0x00000000ed080000,0x00000000ed580000)
 ParOldGen       total 87552K, used 1405K [0x00000000c0000000, 0x00000000c5580000, 0x00000000eab00000)
  object space 87552K, 1% used [0x00000000c0000000,0x00000000c015f778,0x00000000c5580000)
 Metaspace       used 6046K, capacity 6960K, committed 7040K, reserved 1056768K
  class space    used 597K, capacity 616K, committed 640K, reserved 1048576K

Card table byte_map: [0x00000000119a0000,0x0000000011bb0000] byte_map_base: 0x00000000113a0000

Marking Bits: (ParMarkBitMap*) 0x0000000058730600
 Begin Bits: [0x0000000012110000, 0x0000000013110000)
 End Bits:   [0x0000000013110000, 0x0000000014110000)

Polling page: 0x00000000023d0000

CodeCache: size=245760Kb used=5186Kb max_used=5191Kb free=240573Kb
 bounds [0x00000000025e0000, 0x0000000002b00000, 0x00000000115e0000]
 total_blobs=1571 nmethods=1301 adapters=182
 compilation: enabled

Compilation events (10 events):
Event: 2.946 Thread 0x0000000014d0d000 1314       2       com.android.dx.rop.cst.CstKnownNull::equals (5 bytes)
Event: 2.947 Thread 0x0000000014d0d000 nmethod 1314 0x0000000002aec010 code [0x0000000002aec160, 0x0000000002aec2f0]
Event: 2.947 Thread 0x0000000014d0d000 1315       2       java.util.concurrent.locks.AbstractOwnableSynchronizer::setExclusiveOwnerThread (6 bytes)
Event: 2.948 Thread 0x0000000014d0d000 nmethod 1315 0x0000000002aec390 code [0x0000000002aec4e0, 0x0000000002aec650]
Event: 2.950 Thread 0x0000000014cad800 nmethod 1261 0x0000000002af0890 code [0x0000000002af0b00, 0x0000000002af2010]
Event: 2.950 Thread 0x0000000014cad800 1283       4       com.android.dx.ssa.NormalSsaInsn::accept (25 bytes)
Event: 2.951 Thread 0x0000000014d0d000 1316       2       com.android.dx.ssa.back.FirstFitLocalCombiningAllocator::handleLocalAssociatedOther (151 bytes)
Event: 2.952 Thread 0x0000000014d0d000 nmethod 1316 0x0000000002aef7d0 code [0x0000000002aefa00, 0x0000000002af00b8]
Event: 2.952 Thread 0x0000000014d0d000 1317       2       com.android.dx.ssa.SsaBasicBlock::addMoveToEnd (172 bytes)
Event: 2.954 Thread 0x0000000014d0d000 nmethod 1317 0x0000000002aed990 code [0x0000000002aedc20, 0x0000000002aee728]

GC Heap History (2 events):
Event: 2.772 GC heap before
{Heap before GC invocations=1 (full 0):
 PSYoungGen      total 38400K, used 33280K [0x00000000eab00000, 0x00000000ed580000, 0x0000000100000000)
  eden space 33280K, 100% used [0x00000000eab00000,0x00000000ecb80000,0x00000000ecb80000)
  from space 5120K, 0% used [0x00000000ed080000,0x00000000ed080000,0x00000000ed580000)
  to   space 5120K, 0% used [0x00000000ecb80000,0x00000000ecb80000,0x00000000ed080000)
 ParOldGen       total 87552K, used 0K [0x00000000c0000000, 0x00000000c5580000, 0x00000000eab00000)
  object space 87552K, 0% used [0x00000000c0000000,0x00000000c0000000,0x00000000c5580000)
 Metaspace       used 5986K, capacity 6896K, committed 7040K, reserved 1056768K
  class space    used 597K, capacity 616K, committed 640K, reserved 1048576K
Event: 2.818 GC heap after
Heap after GC invocations=1 (full 0):
 PSYoungGen      total 38400K, used 5098K [0x00000000eab00000, 0x00000000ed580000, 0x0000000100000000)
  eden space 33280K, 0% used [0x00000000eab00000,0x00000000eab00000,0x00000000ecb80000)
  from space 5120K, 99% used [0x00000000ecb80000,0x00000000ed07aab8,0x00000000ed080000)
  to   space 5120K, 0% used [0x00000000ed080000,0x00000000ed080000,0x00000000ed580000)
 ParOldGen       total 87552K, used 1405K [0x00000000c0000000, 0x00000000c5580000, 0x00000000eab00000)
  object space 87552K, 1% used [0x00000000c0000000,0x00000000c015f778,0x00000000c5580000)
 Metaspace       used 5986K, capacity 6896K, committed 7040K, reserved 1056768K
  class space    used 597K, capacity 616K, committed 640K, reserved 1048576K
}

Deoptimization events (8 events):
Event: 1.233 Thread 0x0000000016791000 Uncommon trap: reason=class_check action=maybe_recompile pc=0x00000000028474b0 method=com.android.dx.ssa.NormalSsaInsn.accept(Lcom/android/dx/ssa/SsaInsn$Visitor;)V @ 9
Event: 1.242 Thread 0x0000000016791000 Uncommon trap: reason=class_check action=maybe_recompile pc=0x00000000028474b0 method=com.android.dx.ssa.NormalSsaInsn.accept(Lcom/android/dx/ssa/SsaInsn$Visitor;)V @ 9
Event: 1.471 Thread 0x0000000016791000 Uncommon trap: reason=null_check action=make_not_entrant pc=0x00000000029166a8 method=com.android.dx.rop.type.Type.equals(Ljava/lang/Object;)Z @ 8
Event: 1.497 Thread 0x000000001676a800 Uncommon trap: reason=class_check action=maybe_recompile pc=0x000000000292e9b8 method=com.android.dx.ssa.NormalSsaInsn.accept(Lcom/android/dx/ssa/SsaInsn$Visitor;)V @ 9
Event: 1.497 Thread 0x000000001676a800 Uncommon trap: reason=class_check action=maybe_recompile pc=0x000000000292e9b8 method=com.android.dx.ssa.NormalSsaInsn.accept(Lcom/android/dx/ssa/SsaInsn$Visitor;)V @ 9
Event: 1.497 Thread 0x000000001676a800 Uncommon trap: reason=class_check action=maybe_recompile pc=0x00000000028474b0 method=com.android.dx.ssa.NormalSsaInsn.accept(Lcom/android/dx/ssa/SsaInsn$Visitor;)V @ 9
Event: 2.840 Thread 0x0000000002410800 Uncommon trap: reason=null_check action=make_not_entrant pc=0x00000000029fe940 method=com.android.dx.ssa.SsaRenamer.getLocalForNewReg(I)Lcom/android/dx/rop/code/LocalItem; @ 19
Event: 2.907 Thread 0x0000000002410800 Uncommon trap: reason=null_check action=make_not_entrant pc=0x00000000029e4ad8 method=com.android.dx.ssa.SsaRenamer.getLocalForNewReg(I)Lcom/android/dx/rop/code/LocalItem; @ 19

Internal exceptions (5 events):
Event: 0.035 Thread 0x0000000002410800 Exception <a 'java/lang/NoSuchMethodError': Method sun.misc.Unsafe.defineClass(Ljava/lang/String;[BII)Ljava/lang/Class; name or signature does not match> (0x00000000eab07cc0) thrown at [D:\re\workspace\8-2-build-windows-amd64-cygwin\jdk8u77\6540\hotspot\srëk—±oÅ¡?
Event: 0.035 Thread 0x0000000002410800 Exception <a 'java/lang/NoSuchMethodError': Method sun.misc.Unsafe.prefetchRead(Ljava/lang/Object;J)V name or signature does not match> (0x00000000eab07fa8) thrown at [D:\re\workspace\8-2-build-windows-amd64-cygwin\jdk8u77\6540\hotspot\src\share\vm\prims\j:‡»’‡÷?
Event: 1.471 Thread 0x0000000016791000 Implicit null exception at 0x00000000029165a2 to 0x000000000291669a
Event: 2.840 Thread 0x0000000002410800 Implicit null exception at 0x00000000029fc341 to 0x00000000029fe905
Event: 2.907 Thread 0x0000000002410800 Implicit null exception at 0x00000000029e3b49 to 0x00000000029e4aa5

Events (10 events):
Event: 1.757 Executing VM operation: ForceSafepoint
Event: 2.010 Executing VM operation: ForceSafepoint done
Event: 2.136 Executing VM operation: ParallelGCFailedAllocation
Event: 2.818 Executing VM operation: ParallelGCFailedAllocation done
Event: 2.840 Thread 0x0000000002410800 Uncommon trap: trap_request=0xfffffff4 fr.pc=0x00000000029fe940
Event: 2.840 Thread 0x0000000002410800 DEOPT PACKING pc=0x00000000029fe940 sp=0x00000000023cdf70
Event: 2.840 Thread 0x0000000002410800 DEOPT UNPACKING pc=0x000000000262582a sp=0x00000000023cdde8 mode 2
Event: 2.907 Thread 0x0000000002410800 Uncommon trap: trap_request=0xfffffff4 fr.pc=0x00000000029e4ad8
Event: 2.907 Thread 0x0000000002410800 DEOPT PACKING pc=0x00000000029e4ad8 sp=0x00000000023cdf70
Event: 2.907 Thread 0x0000000002410800 DEOPT UNPACKING pc=0x000000000262582a sp=0x00000000023cddd8 mode 2


Dynamic libraries:
0x00007ff7057c0000 - 0x00007ff7057f7000 	C:\Program Files\Java\jdk1.8.0_77\bin\java.exe
0x00007fffeb940000 - 0x00007fffebb02000 	C:\Windows\SYSTEM32\ntdll.dll
0x00007fffe9890000 - 0x00007fffe993d000 	C:\Windows\system32\KERNEL32.DLL
0x00007fffe8e30000 - 0x00007fffe900d000 	C:\Windows\system32\KERNELBASE.dll
0x00007fffeb780000 - 0x00007fffeb826000 	C:\Windows\system32\ADVAPI32.dll
0x00007fffe9710000 - 0x00007fffe97ad000 	C:\Windows\system32\msvcrt.dll
0x00007fffea160000 - 0x00007fffea1bb000 	C:\Windows\system32\sechost.dll
0x00007fffe9ed0000 - 0x00007fffe9ff6000 	C:\Windows\system32\RPCRT4.dll
0x00007fffe99b0000 - 0x00007fffe9afe000 	C:\Windows\system32\USER32.dll
0x00007fffe91e0000 - 0x00007fffe9365000 	C:\Windows\system32\GDI32.dll
0x00007fffe5390000 - 0x00007fffe5604000 	C:\Windows\WinSxS\amd64_microsoft.windows.common-controls_6595b64144ccf1df_6.0.10240.16384_none_f41f7b285750ef43\COMCTL32.dll
0x00007fffeb900000 - 0x00007fffeb936000 	C:\Windows\system32\IMM32.DLL
0x00007fffea000000 - 0x00007fffea15c000 	C:\Windows\system32\MSCTF.dll
0x00000000587b0000 - 0x0000000058882000 	C:\Program Files\Java\jdk1.8.0_77\jre\bin\msvcr100.dll
0x0000000057f20000 - 0x00000000587b0000 	C:\Program Files\Java\jdk1.8.0_77\jre\bin\server\jvm.dll
0x00007fffe9d70000 - 0x00007fffe9d78000 	C:\Windows\system32\PSAPI.DLL
0x00007fffe5ca0000 - 0x00007fffe5ca9000 	C:\Windows\SYSTEM32\WSOCK32.dll
0x00007fffe9940000 - 0x00007fffe99a9000 	C:\Windows\system32\WS2_32.dll
0x00007fffe65f0000 - 0x00007fffe6613000 	C:\Windows\SYSTEM32\WINMM.dll
0x00007fffeb770000 - 0x00007fffeb778000 	C:\Windows\system32\NSI.dll
0x00007fffe5610000 - 0x00007fffe561a000 	C:\Windows\SYSTEM32\VERSION.dll
0x00007fffe64f0000 - 0x00007fffe651c000 	C:\Windows\SYSTEM32\WINMMBASE.dll
0x00007fffe8410000 - 0x00007fffe8454000 	C:\Windows\system32\cfgmgr32.dll
0x00007fffe6ce0000 - 0x00007fffe6d07000 	C:\Windows\SYSTEM32\DEVOBJ.dll
0x0000000059e00000 - 0x0000000059e0f000 	C:\Program Files\Java\jdk1.8.0_77\jre\bin\verify.dll
0x0000000057ef0000 - 0x0000000057f19000 	C:\Program Files\Java\jdk1.8.0_77\jre\bin\java.dll
0x0000000059de0000 - 0x0000000059df6000 	C:\Program Files\Java\jdk1.8.0_77\jre\bin\zip.dll
0x00007fffea1e0000 - 0x00007fffeb703000 	C:\Windows\system32\SHELL32.dll
0x00007fffe8460000 - 0x00007fffe8a89000 	C:\Windows\system32\windows.storage.dll
0x00007fffe9490000 - 0x00007fffe970c000 	C:\Windows\system32\combase.dll
0x00007fffeb710000 - 0x00007fffeb761000 	C:\Windows\system32\shlwapi.dll
0x00007fffe8370000 - 0x00007fffe837f000 	C:\Windows\system32\kernel.appcore.dll
0x00007fffe8a90000 - 0x00007fffe8b43000 	C:\Windows\system32\shcore.dll
0x00007fffe83c0000 - 0x00007fffe840a000 	C:\Windows\system32\powrprof.dll
0x00007fffe8380000 - 0x00007fffe8393000 	C:\Windows\system32\profapi.dll

VM Arguments:
jvm_args: -Xmx1024M -Dfile.encoding=windows-1251 -Duser.country=RU -Duser.language=ru -Duser.variant 
java_command: com.android.dx.command.Main --dex --num-threads=4 --output C:\Users\Admin\Desktop\How_much\How_much\app\build\intermediates\pre-dexed\debug\library-2.4.0-8145473287de8c2ff70de33d83ab99a0a921997e.jar C:\Users\Admin\.gradle\caches\modules-2\files-2.1\com.nineoldandroids\library\2.4.0\e9b63380f3a242dbdbf103a2355ad7e43bad17cb\library-2.4.0.jar
java_class_path (initial): C:\Users\Admin\Desktop\kod\sdk\build-tools\23.0.3\lib\dx.jar
Launcher Type: SUN_STANDARD

Environment Variables:
JAVA_HOME=C:\Program Files\Java\jdk1.7.0_79
PATH=C:\ProgramData\Oracle\Java\javapath;C:\Windows\system32;C:\Windows;C:\Windows\System32\Wbem;C:\Windows\System32\WindowsPowerShell\v1.0\;C:\Program Files (x86)\Skype\Phone\;C:\Program Files (x86)\NVIDIA Corporation\PhysX\Common
USERNAME=Admin
OS=Windows_NT
PROCESSOR_IDENTIFIER=Intel64 Family 6 Model 61 Stepping 4, GenuineIntel



---------------  S Y S T E M  ---------------

OS: Windows 10.0 , 64 bit Build 10240 (10.0.10240.16384)

CPU:total 4 (2 cores per cpu, 2 threads per core) family 6 model 61 stepping 4, cmov, cx8, fxsr, mmx, sse, sse2, sse3, ssse3, sse4.1, sse4.2, popcnt, avx, avx2, aes, clmul, erms, 3dnowpref, lzcnt, ht, tsc, tscinvbit, bmi1, bmi2, adx

Memory: 4k page, physical 8297972k(2186108k free), swap 8297972k(6588k free)

vm_info: Java HotSpot(TM) 64-Bit Server VM (25.77-b03) for windows-amd64 JRE (1.8.0_77-b03), built on Mar 20 2016 22:01:33 by "java_re" with MS VC++ 10.0 (VS2010)

time: Wed Aug 10 20:24:07 2016
elapsed time: 2 seconds (0d 0h 0m 2s)

